[1.134s] Invoking command in '/home/sopitaj/week6_ws/build/robotnik_common': CMAKE_PREFIX_PATH=${CMAKE_PREFIX_PATH}:/opt/ros/jazzy /usr/bin/cmake /home/sopitaj/week6_ws/src/robotnik_common/robotnik_common -DAMENT_CMAKE_SYMLINK_INSTALL=1 -DCMAKE_INSTALL_PREFIX=/home/sopitaj/week6_ws/install/robotnik_common
[1.351s] -- Found ament_cmake_core: 2.5.4 (/opt/ros/jazzy/share/ament_cmake_core/cmake)
[2.315s] -- Found Python3: /usr/bin/python3 (found version "3.12.3") found components: Interpreter 
[2.693s] -- Override CMake install command with custom implementation using symlinks instead of copying resources
[2.721s] -- Found ament_cmake_python: 2.5.4 (/opt/ros/jazzy/share/ament_cmake_python/cmake)
[3.686s] -- Configuring done (2.5s)
[3.770s] -- Generating done (0.1s)
[3.787s] -- Build files have been written to: /home/sopitaj/week6_ws/build/robotnik_common
[3.808s] Invoked command in '/home/sopitaj/week6_ws/build/robotnik_common' returned '0': CMAKE_PREFIX_PATH=${CMAKE_PREFIX_PATH}:/opt/ros/jazzy /usr/bin/cmake /home/sopitaj/week6_ws/src/robotnik_common/robotnik_common -DAMENT_CMAKE_SYMLINK_INSTALL=1 -DCMAKE_INSTALL_PREFIX=/home/sopitaj/week6_ws/install/robotnik_common
[3.813s] Invoking command in '/home/sopitaj/week6_ws/build/robotnik_common': CMAKE_PREFIX_PATH=${CMAKE_PREFIX_PATH}:/opt/ros/jazzy /usr/bin/cmake --build /home/sopitaj/week6_ws/build/robotnik_common -- -j8 -l8
[4.178s] Built target ament_cmake_python_symlink_robotnik_common
[5.452s] running egg_info
[5.454s] creating robotnik_common.egg-info
[5.574s] writing robotnik_common.egg-info/PKG-INFO
[5.576s] writing dependency_links to robotnik_common.egg-info/dependency_links.txt
[5.579s] writing top-level names to robotnik_common.egg-info/top_level.txt
[5.579s] writing manifest file 'robotnik_common.egg-info/SOURCES.txt'
[5.941s] reading manifest file 'robotnik_common.egg-info/SOURCES.txt'
[5.944s] writing manifest file 'robotnik_common.egg-info/SOURCES.txt'
[6.097s] Built target ament_cmake_python_build_robotnik_common_egg
[6.158s] Invoked command in '/home/sopitaj/week6_ws/build/robotnik_common' returned '0': CMAKE_PREFIX_PATH=${CMAKE_PREFIX_PATH}:/opt/ros/jazzy /usr/bin/cmake --build /home/sopitaj/week6_ws/build/robotnik_common -- -j8 -l8
[6.226s] Invoking command in '/home/sopitaj/week6_ws/build/robotnik_common': CMAKE_PREFIX_PATH=${CMAKE_PREFIX_PATH}:/opt/ros/jazzy /usr/bin/cmake --install /home/sopitaj/week6_ws/build/robotnik_common
[6.286s] -- Install configuration: ""
[6.287s] -- Execute custom install script
[6.296s] -- Symlinking: /home/sopitaj/week6_ws/install/robotnik_common/share/robotnik_common/environment/pythonpath.sh
[6.362s] -- Symlinking: /home/sopitaj/week6_ws/install/robotnik_common/share/robotnik_common/environment/pythonpath.dsv
[6.422s] -- Symlinking: /home/sopitaj/week6_ws/install/robotnik_common/lib/python3.12/site-packages/robotnik_common-1.2.0-py3.12.egg-info/PKG-INFO
[6.484s] -- Symlinking: /home/sopitaj/week6_ws/install/robotnik_common/lib/python3.12/site-packages/robotnik_common-1.2.0-py3.12.egg-info/SOURCES.txt
[6.547s] -- Symlinking: /home/sopitaj/week6_ws/install/robotnik_common/lib/python3.12/site-packages/robotnik_common-1.2.0-py3.12.egg-info/dependency_links.txt
[6.599s] -- Symlinking: /home/sopitaj/week6_ws/install/robotnik_common/lib/python3.12/site-packages/robotnik_common-1.2.0-py3.12.egg-info/top_level.txt
[6.662s] -- Symlinking: /home/sopitaj/week6_ws/install/robotnik_common/lib/python3.12/site-packages/robotnik_common/__init__.py
[6.716s] -- Symlinking: /home/sopitaj/week6_ws/install/robotnik_common/lib/python3.12/site-packages/robotnik_common/__init__.py:Zone.Identifier
[6.789s] -- Symlinking: /home/sopitaj/week6_ws/install/robotnik_common/lib/python3.12/site-packages/robotnik_common/launch/__init__.py
[6.879s] -- Symlinking: /home/sopitaj/week6_ws/install/robotnik_common/lib/python3.12/site-packages/robotnik_common/launch/__init__.py:Zone.Identifier
[6.938s] -- Symlinking: /home/sopitaj/week6_ws/install/robotnik_common/lib/python3.12/site-packages/robotnik_common/launch/__init__.py:Zone.Identifier:Zone.Identifier
[7.005s] -- Symlinking: /home/sopitaj/week6_ws/install/robotnik_common/lib/python3.12/site-packages/robotnik_common/launch/add_launch_args.py
[7.071s] -- Symlinking: /home/sopitaj/week6_ws/install/robotnik_common/lib/python3.12/site-packages/robotnik_common/launch/add_launch_args.py:Zone.Identifier
[7.126s] -- Symlinking: /home/sopitaj/week6_ws/install/robotnik_common/lib/python3.12/site-packages/robotnik_common/launch/add_launch_args.py:Zone.Identifier:Zone.Identifier
[7.180s] -- Symlinking: /home/sopitaj/week6_ws/install/robotnik_common/lib/python3.12/site-packages/robotnik_common/launch/global_scope.py
[7.233s] -- Symlinking: /home/sopitaj/week6_ws/install/robotnik_common/lib/python3.12/site-packages/robotnik_common/launch/global_scope.py:Zone.Identifier
[7.303s] -- Symlinking: /home/sopitaj/week6_ws/install/robotnik_common/lib/python3.12/site-packages/robotnik_common/launch/global_scope.py:Zone.Identifier:Zone.Identifier
[7.376s] -- Symlinking: /home/sopitaj/week6_ws/install/robotnik_common/lib/python3.12/site-packages/robotnik_common/launch/rewritten_yaml.py
[7.455s] -- Symlinking: /home/sopitaj/week6_ws/install/robotnik_common/lib/python3.12/site-packages/robotnik_common/launch/rewritten_yaml.py:Zone.Identifier
[7.511s] -- Symlinking: /home/sopitaj/week6_ws/install/robotnik_common/lib/python3.12/site-packages/robotnik_common/launch/rewritten_yaml.py:Zone.Identifier:Zone.Identifier
[7.573s] -- Symlinking: /home/sopitaj/week6_ws/install/robotnik_common/share/ament_index/resource_index/package_run_dependencies/robotnik_common
[7.634s] -- Symlinking: /home/sopitaj/week6_ws/install/robotnik_common/share/ament_index/resource_index/parent_prefix_path/robotnik_common
[7.686s] -- Symlinking: /home/sopitaj/week6_ws/install/robotnik_common/share/robotnik_common/environment/ament_prefix_path.sh
[7.740s] -- Symlinking: /home/sopitaj/week6_ws/install/robotnik_common/share/robotnik_common/environment/ament_prefix_path.dsv
[7.795s] -- Symlinking: /home/sopitaj/week6_ws/install/robotnik_common/share/robotnik_common/environment/path.sh
[7.848s] -- Symlinking: /home/sopitaj/week6_ws/install/robotnik_common/share/robotnik_common/environment/path.dsv
[7.905s] -- Symlinking: /home/sopitaj/week6_ws/install/robotnik_common/share/robotnik_common/local_setup.bash
[7.954s] -- Symlinking: /home/sopitaj/week6_ws/install/robotnik_common/share/robotnik_common/local_setup.sh
[8.004s] -- Symlinking: /home/sopitaj/week6_ws/install/robotnik_common/share/robotnik_common/local_setup.zsh
[8.062s] -- Symlinking: /home/sopitaj/week6_ws/install/robotnik_common/share/robotnik_common/local_setup.dsv
[8.115s] -- Symlinking: /home/sopitaj/week6_ws/install/robotnik_common/share/robotnik_common/package.dsv
[8.163s] -- Symlinking: /home/sopitaj/week6_ws/install/robotnik_common/share/ament_index/resource_index/packages/robotnik_common
[8.213s] -- Symlinking: /home/sopitaj/week6_ws/install/robotnik_common/share/robotnik_common/cmake/robotnik_commonConfig.cmake
[8.269s] -- Symlinking: /home/sopitaj/week6_ws/install/robotnik_common/share/robotnik_common/cmake/robotnik_commonConfig-version.cmake
[8.323s] -- Symlinking: /home/sopitaj/week6_ws/install/robotnik_common/share/robotnik_common/package.xml
[8.591s] Listing '/home/sopitaj/week6_ws/install/robotnik_common/lib/python3.12/site-packages/robotnik_common'...
[8.591s] Compiling '/home/sopitaj/week6_ws/install/robotnik_common/lib/python3.12/site-packages/robotnik_common/__init__.py'...
[8.592s] Listing '/home/sopitaj/week6_ws/install/robotnik_common/lib/python3.12/site-packages/robotnik_common/launch'...
[8.592s] Compiling '/home/sopitaj/week6_ws/install/robotnik_common/lib/python3.12/site-packages/robotnik_common/launch/__init__.py'...
[8.592s] Compiling '/home/sopitaj/week6_ws/install/robotnik_common/lib/python3.12/site-packages/robotnik_common/launch/add_launch_args.py'...
[8.593s] Compiling '/home/sopitaj/week6_ws/install/robotnik_common/lib/python3.12/site-packages/robotnik_common/launch/global_scope.py'...
[8.593s] Compiling '/home/sopitaj/week6_ws/install/robotnik_common/lib/python3.12/site-packages/robotnik_common/launch/rewritten_yaml.py'...
[8.631s] Invoked command in '/home/sopitaj/week6_ws/build/robotnik_common' returned '0': CMAKE_PREFIX_PATH=${CMAKE_PREFIX_PATH}:/opt/ros/jazzy /usr/bin/cmake --install /home/sopitaj/week6_ws/build/robotnik_common
