[5.005s] Invoking command in '/home/sopitaj/week6_ws/build/control_rbkairos': PYTHONPATH=/home/sopitaj/week6_ws/build/control_rbkairos/prefix_override:/usr/lib/python3/dist-packages/colcon_core/task/python/colcon_distutils_commands:/home/sopitaj/week6_ws/install/control_rbkairos/lib/python3.12/site-packages:${PYTHONPATH} /usr/bin/python3 -W ignore:setup.py install is deprecated -W ignore:easy_install command is deprecated setup.py develop --editable --build-directory /home/sopitaj/week6_ws/build/control_rbkairos/build --no-deps symlink_data
[6.807s] running develop
[7.899s] /usr/lib/python3/dist-packages/setuptools/command/easy_install.py:363: UserWarning: Unbuilt egg for pytest-repeat [unknown version] (/usr/lib/python3/dist-packages)
[7.899s]   self.local_index = Environment(self.shadow_path + sys.path)
[8.108s] running egg_info
[8.108s] creating control_rbkairos.egg-info
[8.203s] writing control_rbkairos.egg-info/PKG-INFO
[8.206s] writing dependency_links to control_rbkairos.egg-info/dependency_links.txt
[8.208s] writing entry points to control_rbkairos.egg-info/entry_points.txt
[8.208s] writing requirements to control_rbkairos.egg-info/requires.txt
[8.208s] writing top-level names to control_rbkairos.egg-info/top_level.txt
[8.209s] writing manifest file 'control_rbkairos.egg-info/SOURCES.txt'
[8.432s] reading manifest file 'control_rbkairos.egg-info/SOURCES.txt'
[8.439s] writing manifest file 'control_rbkairos.egg-info/SOURCES.txt'
[8.572s] running build_ext
[8.574s] Creating /home/sopitaj/week6_ws/install/control_rbkairos/lib/python3.12/site-packages/control-rbkairos.egg-link (link to .)
[8.577s] Installing move_robot script to /home/sopitaj/week6_ws/install/control_rbkairos/lib/control_rbkairos
[8.581s] Installing robot_movement script to /home/sopitaj/week6_ws/install/control_rbkairos/lib/control_rbkairos
[8.583s] 
[8.583s] Installed /home/sopitaj/week6_ws/build/control_rbkairos
[8.585s] running symlink_data
[8.585s] symbolically linking /home/sopitaj/week6_ws/build/control_rbkairos/package.xml -> /home/sopitaj/week6_ws/install/control_rbkairos/share/control_rbkairos
[8.590s] creating /home/sopitaj/week6_ws/install/control_rbkairos/share/control_rbkairos/launch
[8.591s] symbolically linking /home/sopitaj/week6_ws/build/control_rbkairos/launch/gz_spawn_rbkairos.launch.py -> /home/sopitaj/week6_ws/install/control_rbkairos/share/control_rbkairos/launch
[8.591s] symbolically linking /home/sopitaj/week6_ws/build/control_rbkairos/launch/gazebo_robot.launch.py -> /home/sopitaj/week6_ws/install/control_rbkairos/share/control_rbkairos/launch
[8.594s] symbolically linking /home/sopitaj/week6_ws/build/control_rbkairos/launch/gazebo.launch.py -> /home/sopitaj/week6_ws/install/control_rbkairos/share/control_rbkairos/launch
[8.594s] creating /home/sopitaj/week6_ws/install/control_rbkairos/share/control_rbkairos/urdf
[8.599s] symbolically linking /home/sopitaj/week6_ws/build/control_rbkairos/urdf/rbrobout.urdf.xacro -> /home/sopitaj/week6_ws/install/control_rbkairos/share/control_rbkairos/urdf
[8.601s] creating /home/sopitaj/week6_ws/install/control_rbkairos/share/control_rbkairos/scripts
[8.603s] symbolically linking /home/sopitaj/week6_ws/build/control_rbkairos/scripts/robot_movement.py -> /home/sopitaj/week6_ws/install/control_rbkairos/share/control_rbkairos/scripts
[8.783s] Invoked command in '/home/sopitaj/week6_ws/build/control_rbkairos' returned '0': PYTHONPATH=/home/sopitaj/week6_ws/build/control_rbkairos/prefix_override:/usr/lib/python3/dist-packages/colcon_core/task/python/colcon_distutils_commands:/home/sopitaj/week6_ws/install/control_rbkairos/lib/python3.12/site-packages:${PYTHONPATH} /usr/bin/python3 -W ignore:setup.py install is deprecated -W ignore:easy_install command is deprecated setup.py develop --editable --build-directory /home/sopitaj/week6_ws/build/control_rbkairos/build --no-deps symlink_data
