running egg_info
creating build/control_rbkairos/control_rbkairos.egg-info
writing build/control_rbkairos/control_rbkairos.egg-info/PKG-INFO
writing dependency_links to build/control_rbkairos/control_rbkairos.egg-info/dependency_links.txt
writing requirements to build/control_rbkairos/control_rbkairos.egg-info/requires.txt
writing top-level names to build/control_rbkairos/control_rbkairos.egg-info/top_level.txt
writing manifest file 'build/control_rbkairos/control_rbkairos.egg-info/SOURCES.txt'
reading manifest file 'build/control_rbkairos/control_rbkairos.egg-info/SOURCES.txt'
adding license file 'LICENSE'
writing manifest file 'build/control_rbkairos/control_rbkairos.egg-info/SOURCES.txt'
running build
running build_py
creating /home/bubu/week6_ws/src/control_rbkairos/build/control_rbkairos/build
creating /home/bubu/week6_ws/src/control_rbkairos/build/control_rbkairos/build/lib
creating /home/bubu/week6_ws/src/control_rbkairos/build/control_rbkairos/build/lib/control_rbkairos
copying control_rbkairos/__init__.py -> /home/bubu/week6_ws/src/control_rbkairos/build/control_rbkairos/build/lib/control_rbkairos
running install
running install_lib
creating /home/bubu/week6_ws/src/control_rbkairos/install/control_rbkairos/lib/python3.12/site-packages/control_rbkairos
copying /home/bubu/week6_ws/src/control_rbkairos/build/control_rbkairos/build/lib/control_rbkairos/__init__.py -> /home/bubu/week6_ws/src/control_rbkairos/install/control_rbkairos/lib/python3.12/site-packages/control_rbkairos
byte-compiling /home/bubu/week6_ws/src/control_rbkairos/install/control_rbkairos/lib/python3.12/site-packages/control_rbkairos/__init__.py to __init__.cpython-312.pyc
running install_data
creating /home/bubu/week6_ws/src/control_rbkairos/install/control_rbkairos/share/ament_index
creating /home/bubu/week6_ws/src/control_rbkairos/install/control_rbkairos/share/ament_index/resource_index
creating /home/bubu/week6_ws/src/control_rbkairos/install/control_rbkairos/share/ament_index/resource_index/packages
copying resource/control_rbkairos -> /home/bubu/week6_ws/src/control_rbkairos/install/control_rbkairos/share/ament_index/resource_index/packages
copying package.xml -> /home/bubu/week6_ws/src/control_rbkairos/install/control_rbkairos/share/control_rbkairos
running install_egg_info
Copying build/control_rbkairos/control_rbkairos.egg-info to /home/bubu/week6_ws/src/control_rbkairos/install/control_rbkairos/lib/python3.12/site-packages/control_rbkairos-0.0.0-py3.12.egg-info
running install_scripts
writing list of installed files to '/home/bubu/week6_ws/src/control_rbkairos/build/control_rbkairos/install.log'
