[1.122s] Invoking command in '/home/sopitaj/week6_ws/build/diff_robot': CMAKE_PREFIX_PATH=${CMAKE_PREFIX_PATH}:/opt/ros/jazzy /usr/bin/cmake /home/sopitaj/week6_ws/src/ros2_diff_drive_robot -DAMENT_CMAKE_SYMLINK_INSTALL=1 -DCMAKE_INSTALL_PREFIX=/home/sopitaj/week6_ws/install/diff_robot
[1.733s] -- The C compiler identification is GNU 11.5.0
[3.623s] -- The CXX compiler identification is GNU 11.5.0
[6.095s] -- Detecting C compiler ABI info
[7.296s] -- Detecting C compiler ABI info - done
[7.336s] -- Check for working C compiler: /usr/bin/cc - skipped
[7.337s] -- Detecting C compile features
[7.338s] -- Detecting C compile features - done
[7.674s] -- Detecting CXX compiler ABI info
[8.904s] -- Detecting CXX compiler ABI info - done
[8.947s] -- Check for working CXX compiler: /usr/bin/c++ - skipped
[8.947s] -- Detecting CXX compile features
[8.950s] -- Detecting CXX compile features - done
[8.968s] -- Found ament_cmake: 2.5.4 (/opt/ros/jazzy/share/ament_cmake/cmake)
[9.650s] -- Found Python3: /usr/bin/python3 (found version "3.12.3") found components: Interpreter 
[9.948s] -- Override CMake install command with custom implementation using symlinks instead of copying resources
[10.176s] -- Found rclcpp: 28.1.12 (/opt/ros/jazzy/share/rclcpp/cmake)
[10.933s] -- Found rosidl_generator_c: 4.6.6 (/opt/ros/jazzy/share/rosidl_generator_c/cmake)
[11.024s] -- Found rosidl_generator_cpp: 4.6.6 (/opt/ros/jazzy/share/rosidl_generator_cpp/cmake)
[11.129s] -- Using all available rosidl_typesupport_c: rosidl_typesupport_fastrtps_c;rosidl_typesupport_introspection_c
[11.247s] -- Using all available rosidl_typesupport_cpp: rosidl_typesupport_fastrtps_cpp;rosidl_typesupport_introspection_cpp
[11.721s] -- Found rmw_implementation_cmake: 7.3.2 (/opt/ros/jazzy/share/rmw_implementation_cmake/cmake)
[11.742s] -- Found rmw_fastrtps_cpp: 8.4.3 (/opt/ros/jazzy/share/rmw_fastrtps_cpp/cmake)
[12.288s] -- Found OpenSSL: /usr/lib/x86_64-linux-gnu/libcrypto.so (found version "3.0.13")  
[12.999s] -- Found FastRTPS: /opt/ros/jazzy/include (Required is at least version "2.13") 
[13.386s] -- Using RMW implementation 'rmw_fastrtps_cpp' as default
[14.255s] -- Found robot_state_publisher: 3.3.3 (/opt/ros/jazzy/share/robot_state_publisher/cmake)
[15.441s] -- Found ros_gz_sim: 1.0.16 (/opt/ros/jazzy/share/ros_gz_sim/cmake)
[15.472s] -- Found controller_manager: 4.37.0 (/opt/ros/jazzy/share/controller_manager/cmake)
[17.507s] -- Found diff_drive_controller: 4.32.0 (/opt/ros/jazzy/share/diff_drive_controller/cmake)
[17.840s] -- Found eigen3_cmake_module: 0.3.0 (/opt/ros/jazzy/share/eigen3_cmake_module/cmake)
[17.845s] -- Found Eigen3: TRUE (found version "3.4.0") 
[17.845s] -- Ensuring Eigen3 include directory is part of orocos-kdl CMake target
[18.052s] -- Found nav2_msgs: 1.3.8 (/opt/ros/jazzy/share/nav2_msgs/cmake)
[18.437s] -- Found ament_lint_auto: 0.17.3 (/opt/ros/jazzy/share/ament_lint_auto/cmake)
[18.946s] -- Added test 'cppcheck' to perform static code analysis on C / C++ code
[18.946s] -- Configured cppcheck include dirs: 
[18.947s] -- Configured cppcheck exclude dirs and/or files: 
[18.956s] -- Added test 'flake8' to check Python code syntax and style conventions
[18.956s] -- Configured 'flake8' exclude dirs and/or files: 
[18.968s] -- Added test 'lint_cmake' to check CMake code style
[18.978s] -- Added test 'pep257' to check Python code against some of the docstring style conventions in PEP 257
[19.009s] -- Added test 'uncrustify' to check C / C++ code style
[19.009s] -- Configured uncrustify additional arguments: 
[19.017s] -- Added test 'xmllint' to check XML markup files
[19.028s] -- Configuring done (17.9s)
[19.130s] -- Generating done (0.1s)
[19.156s] -- Build files have been written to: /home/sopitaj/week6_ws/build/diff_robot
[19.213s] Invoked command in '/home/sopitaj/week6_ws/build/diff_robot' returned '0': CMAKE_PREFIX_PATH=${CMAKE_PREFIX_PATH}:/opt/ros/jazzy /usr/bin/cmake /home/sopitaj/week6_ws/src/ros2_diff_drive_robot -DAMENT_CMAKE_SYMLINK_INSTALL=1 -DCMAKE_INSTALL_PREFIX=/home/sopitaj/week6_ws/install/diff_robot
[19.217s] Invoking command in '/home/sopitaj/week6_ws/build/diff_robot': CMAKE_PREFIX_PATH=${CMAKE_PREFIX_PATH}:/opt/ros/jazzy /usr/bin/cmake --build /home/sopitaj/week6_ws/build/diff_robot -- -j8 -l8
[19.457s] [ 25%] [32mBuilding CXX object CMakeFiles/pose_publisher.dir/src/odom_pose.cpp.o[0m
[19.481s] [ 50%] [32mBuilding CXX object CMakeFiles/vel_publisher.dir/src/vel_publisher.cpp.o[0m
[50.932s] [ 75%] [32m[1mLinking CXX executable vel_publisher[0m
[52.657s] [ 75%] Built target vel_publisher
[62.426s] [100%] [32m[1mLinking CXX executable pose_publisher[0m
[64.977s] [100%] Built target pose_publisher
[65.064s] Invoked command in '/home/sopitaj/week6_ws/build/diff_robot' returned '0': CMAKE_PREFIX_PATH=${CMAKE_PREFIX_PATH}:/opt/ros/jazzy /usr/bin/cmake --build /home/sopitaj/week6_ws/build/diff_robot -- -j8 -l8
[65.072s] Invoking command in '/home/sopitaj/week6_ws/build/diff_robot': CMAKE_PREFIX_PATH=${CMAKE_PREFIX_PATH}:/opt/ros/jazzy /usr/bin/cmake --install /home/sopitaj/week6_ws/build/diff_robot
[65.130s] -- Install configuration: ""
[65.136s] -- Execute custom install script
[65.150s] -- Symlinking: /home/sopitaj/week6_ws/install/diff_robot/share/diff_robot//launch/__pycache__/robot.launch.cpython-310.pyc
[65.204s] -- Symlinking: /home/sopitaj/week6_ws/install/diff_robot/share/diff_robot//launch/new.launch.py
[65.258s] -- Symlinking: /home/sopitaj/week6_ws/install/diff_robot/share/diff_robot//launch/robot.launch.py
[65.323s] -- Symlinking: /home/sopitaj/week6_ws/install/diff_robot/lib/diff_robot/pose_publisher
[65.384s] -- Symlinking: /home/sopitaj/week6_ws/install/diff_robot/lib/diff_robot/vel_publisher
[65.449s] -- Symlinking: /home/sopitaj/week6_ws/install/diff_robot/share/ament_index/resource_index/package_run_dependencies/diff_robot
[65.511s] -- Symlinking: /home/sopitaj/week6_ws/install/diff_robot/share/ament_index/resource_index/parent_prefix_path/diff_robot
[65.571s] -- Symlinking: /home/sopitaj/week6_ws/install/diff_robot/share/diff_robot/environment/ament_prefix_path.sh
[65.623s] -- Symlinking: /home/sopitaj/week6_ws/install/diff_robot/share/diff_robot/environment/ament_prefix_path.dsv
[65.674s] -- Symlinking: /home/sopitaj/week6_ws/install/diff_robot/share/diff_robot/environment/path.sh
[65.728s] -- Symlinking: /home/sopitaj/week6_ws/install/diff_robot/share/diff_robot/environment/path.dsv
[65.783s] -- Symlinking: /home/sopitaj/week6_ws/install/diff_robot/share/diff_robot/local_setup.bash
[65.824s] -- Symlinking: /home/sopitaj/week6_ws/install/diff_robot/share/diff_robot/local_setup.sh
[65.869s] -- Symlinking: /home/sopitaj/week6_ws/install/diff_robot/share/diff_robot/local_setup.zsh
[65.912s] -- Symlinking: /home/sopitaj/week6_ws/install/diff_robot/share/diff_robot/local_setup.dsv
[65.953s] -- Symlinking: /home/sopitaj/week6_ws/install/diff_robot/share/diff_robot/package.dsv
[66.006s] -- Symlinking: /home/sopitaj/week6_ws/install/diff_robot/share/ament_index/resource_index/packages/diff_robot
[66.055s] -- Symlinking: /home/sopitaj/week6_ws/install/diff_robot/share/diff_robot/cmake/diff_robotConfig.cmake
[66.098s] -- Symlinking: /home/sopitaj/week6_ws/install/diff_robot/share/diff_robot/cmake/diff_robotConfig-version.cmake
[66.140s] -- Symlinking: /home/sopitaj/week6_ws/install/diff_robot/share/diff_robot/package.xml
[66.194s] Invoked command in '/home/sopitaj/week6_ws/build/diff_robot' returned '0': CMAKE_PREFIX_PATH=${CMAKE_PREFIX_PATH}:/opt/ros/jazzy /usr/bin/cmake --install /home/sopitaj/week6_ws/build/diff_robot
