[0.760s] DEBUG:colcon:Command line arguments: ['/usr/bin/colcon', 'build', '--symlink-install']
[0.760s] DEBUG:colcon:Parsed command line arguments: Namespace(log_base=None, log_level=None, verb_name='build', build_base='build', install_base='install', merge_install=False, symlink_install=True, test_result_base=None, continue_on_error=False, executor='parallel', parallel_workers=8, event_handlers=None, ignore_user_meta=False, metas=['./colcon.meta'], base_paths=['.'], packages_ignore=None, packages_ignore_regex=None, paths=None, packages_up_to=None, packages_up_to_regex=None, packages_above=None, packages_above_and_dependencies=None, packages_above_depth=None, packages_select_by_dep=None, packages_skip_by_dep=None, packages_skip_up_to=None, packages_select_build_failed=False, packages_skip_build_finished=False, packages_select_test_failures=False, packages_skip_test_passed=False, packages_select=None, packages_skip=None, packages_select_regex=None, packages_skip_regex=None, packages_start=None, packages_end=None, allow_overriding=[], cmake_args=None, cmake_target=None, cmake_target_skip_unavailable=False, cmake_clean_cache=False, cmake_clean_first=False, cmake_force_configure=False, ament_cmake_args=None, catkin_cmake_args=None, catkin_skip_building_tests=False, verb_parser=<colcon_defaults.argument_parser.defaults.DefaultArgumentsDecorator object at 0x7ac7d5d68710>, verb_extension=<colcon_core.verb.build.BuildVerb object at 0x7ac7d5d68080>, main=<bound method BuildVerb.main of <colcon_core.verb.build.BuildVerb object at 0x7ac7d5d68080>>)
[0.964s] Level 1:colcon.colcon_core.package_discovery:discover_packages(colcon_meta) check parameters
[0.965s] Level 1:colcon.colcon_core.package_discovery:discover_packages(recursive) check parameters
[0.965s] Level 1:colcon.colcon_core.package_discovery:discover_packages(ignore) check parameters
[0.965s] Level 1:colcon.colcon_core.package_discovery:discover_packages(path) check parameters
[0.965s] Level 1:colcon.colcon_core.package_discovery:discover_packages(colcon_meta) discover
[0.966s] Level 1:colcon.colcon_core.package_discovery:discover_packages(recursive) discover
[0.966s] INFO:colcon.colcon_core.package_discovery:Crawling recursively for packages in '/home/sopitaj/week6_ws'
[0.966s] Level 1:colcon.colcon_core.package_identification:_identify(.) by extensions ['ignore', 'ignore_ament_install']
[0.967s] Level 1:colcon.colcon_core.package_identification:_identify(.) by extension 'ignore'
[0.967s] Level 1:colcon.colcon_core.package_identification:_identify(.) by extension 'ignore_ament_install'
[0.968s] Level 1:colcon.colcon_core.package_identification:_identify(.) by extensions ['colcon_pkg']
[0.968s] Level 1:colcon.colcon_core.package_identification:_identify(.) by extension 'colcon_pkg'
[0.968s] Level 1:colcon.colcon_core.package_identification:_identify(.) by extensions ['colcon_meta']
[0.968s] Level 1:colcon.colcon_core.package_identification:_identify(.) by extension 'colcon_meta'
[0.969s] Level 1:colcon.colcon_core.package_identification:_identify(.) by extensions ['ros']
[0.969s] Level 1:colcon.colcon_core.package_identification:_identify(.) by extension 'ros'
[1.079s] Level 1:colcon.colcon_core.package_identification:_identify(.) by extensions ['cmake', 'python']
[1.080s] Level 1:colcon.colcon_core.package_identification:_identify(.) by extension 'cmake'
[1.080s] Level 1:colcon.colcon_core.package_identification:_identify(.) by extension 'python'
[1.080s] Level 1:colcon.colcon_core.package_identification:_identify(.) by extensions ['python_setup_py']
[1.080s] Level 1:colcon.colcon_core.package_identification:_identify(.) by extension 'python_setup_py'
[1.080s] Level 1:colcon.colcon_core.package_identification:_identify(build) by extensions ['ignore', 'ignore_ament_install']
[1.081s] Level 1:colcon.colcon_core.package_identification:_identify(build) by extension 'ignore'
[1.081s] Level 1:colcon.colcon_core.package_identification:_identify(build) ignored
[1.081s] Level 1:colcon.colcon_core.package_identification:_identify(install) by extensions ['ignore', 'ignore_ament_install']
[1.082s] Level 1:colcon.colcon_core.package_identification:_identify(install) by extension 'ignore'
[1.082s] Level 1:colcon.colcon_core.package_identification:_identify(install) ignored
[1.082s] Level 1:colcon.colcon_core.package_identification:_identify(log) by extensions ['ignore', 'ignore_ament_install']
[1.083s] Level 1:colcon.colcon_core.package_identification:_identify(log) by extension 'ignore'
[1.083s] Level 1:colcon.colcon_core.package_identification:_identify(log) ignored
[1.083s] Level 1:colcon.colcon_core.package_identification:_identify(robot_models) by extensions ['ignore', 'ignore_ament_install']
[1.084s] Level 1:colcon.colcon_core.package_identification:_identify(robot_models) by extension 'ignore'
[1.084s] Level 1:colcon.colcon_core.package_identification:_identify(robot_models) by extension 'ignore_ament_install'
[1.084s] Level 1:colcon.colcon_core.package_identification:_identify(robot_models) by extensions ['colcon_pkg']
[1.084s] Level 1:colcon.colcon_core.package_identification:_identify(robot_models) by extension 'colcon_pkg'
[1.084s] Level 1:colcon.colcon_core.package_identification:_identify(robot_models) by extensions ['colcon_meta']
[1.085s] Level 1:colcon.colcon_core.package_identification:_identify(robot_models) by extension 'colcon_meta'
[1.085s] Level 1:colcon.colcon_core.package_identification:_identify(robot_models) by extensions ['ros']
[1.085s] Level 1:colcon.colcon_core.package_identification:_identify(robot_models) by extension 'ros'
[1.086s] Level 1:colcon.colcon_core.package_identification:_identify(robot_models) by extensions ['cmake', 'python']
[1.086s] Level 1:colcon.colcon_core.package_identification:_identify(robot_models) by extension 'cmake'
[1.086s] Level 1:colcon.colcon_core.package_identification:_identify(robot_models) by extension 'python'
[1.086s] Level 1:colcon.colcon_core.package_identification:_identify(robot_models) by extensions ['python_setup_py']
[1.086s] Level 1:colcon.colcon_core.package_identification:_identify(robot_models) by extension 'python_setup_py'
[1.087s] Level 1:colcon.colcon_core.package_identification:_identify(src) by extensions ['ignore', 'ignore_ament_install']
[1.087s] Level 1:colcon.colcon_core.package_identification:_identify(src) by extension 'ignore'
[1.087s] Level 1:colcon.colcon_core.package_identification:_identify(src) by extension 'ignore_ament_install'
[1.088s] Level 1:colcon.colcon_core.package_identification:_identify(src) by extensions ['colcon_pkg']
[1.088s] Level 1:colcon.colcon_core.package_identification:_identify(src) by extension 'colcon_pkg'
[1.088s] Level 1:colcon.colcon_core.package_identification:_identify(src) by extensions ['colcon_meta']
[1.088s] Level 1:colcon.colcon_core.package_identification:_identify(src) by extension 'colcon_meta'
[1.088s] Level 1:colcon.colcon_core.package_identification:_identify(src) by extensions ['ros']
[1.088s] Level 1:colcon.colcon_core.package_identification:_identify(src) by extension 'ros'
[1.089s] Level 1:colcon.colcon_core.package_identification:_identify(src) by extensions ['cmake', 'python']
[1.089s] Level 1:colcon.colcon_core.package_identification:_identify(src) by extension 'cmake'
[1.089s] Level 1:colcon.colcon_core.package_identification:_identify(src) by extension 'python'
[1.089s] Level 1:colcon.colcon_core.package_identification:_identify(src) by extensions ['python_setup_py']
[1.089s] Level 1:colcon.colcon_core.package_identification:_identify(src) by extension 'python_setup_py'
[1.090s] Level 1:colcon.colcon_core.package_identification:_identify(src/control_rbkairos) by extensions ['ignore', 'ignore_ament_install']
[1.090s] Level 1:colcon.colcon_core.package_identification:_identify(src/control_rbkairos) by extension 'ignore'
[1.090s] Level 1:colcon.colcon_core.package_identification:_identify(src/control_rbkairos) by extension 'ignore_ament_install'
[1.090s] Level 1:colcon.colcon_core.package_identification:_identify(src/control_rbkairos) by extensions ['colcon_pkg']
[1.090s] Level 1:colcon.colcon_core.package_identification:_identify(src/control_rbkairos) by extension 'colcon_pkg'
[1.090s] Level 1:colcon.colcon_core.package_identification:_identify(src/control_rbkairos) by extensions ['colcon_meta']
[1.090s] Level 1:colcon.colcon_core.package_identification:_identify(src/control_rbkairos) by extension 'colcon_meta'
[1.091s] Level 1:colcon.colcon_core.package_identification:_identify(src/control_rbkairos) by extensions ['ros']
[1.091s] Level 1:colcon.colcon_core.package_identification:_identify(src/control_rbkairos) by extension 'ros'
[1.099s] DEBUG:colcon.colcon_core.package_identification:Package 'src/control_rbkairos' with type 'ros.ament_python' and name 'control_rbkairos'
[1.100s] Level 1:colcon.colcon_core.package_identification:_identify(src/robotnik_common) by extensions ['ignore', 'ignore_ament_install']
[1.100s] Level 1:colcon.colcon_core.package_identification:_identify(src/robotnik_common) by extension 'ignore'
[1.101s] Level 1:colcon.colcon_core.package_identification:_identify(src/robotnik_common) by extension 'ignore_ament_install'
[1.101s] Level 1:colcon.colcon_core.package_identification:_identify(src/robotnik_common) by extensions ['colcon_pkg']
[1.101s] Level 1:colcon.colcon_core.package_identification:_identify(src/robotnik_common) by extension 'colcon_pkg'
[1.101s] Level 1:colcon.colcon_core.package_identification:_identify(src/robotnik_common) by extensions ['colcon_meta']
[1.101s] Level 1:colcon.colcon_core.package_identification:_identify(src/robotnik_common) by extension 'colcon_meta'
[1.101s] Level 1:colcon.colcon_core.package_identification:_identify(src/robotnik_common) by extensions ['ros']
[1.102s] Level 1:colcon.colcon_core.package_identification:_identify(src/robotnik_common) by extension 'ros'
[1.102s] Level 1:colcon.colcon_core.package_identification:_identify(src/robotnik_common) by extensions ['cmake', 'python']
[1.102s] Level 1:colcon.colcon_core.package_identification:_identify(src/robotnik_common) by extension 'cmake'
[1.102s] Level 1:colcon.colcon_core.package_identification:_identify(src/robotnik_common) by extension 'python'
[1.102s] Level 1:colcon.colcon_core.package_identification:_identify(src/robotnik_common) by extensions ['python_setup_py']
[1.103s] Level 1:colcon.colcon_core.package_identification:_identify(src/robotnik_common) by extension 'python_setup_py'
[1.103s] Level 1:colcon.colcon_core.package_identification:_identify(src/robotnik_common/robotnik_common) by extensions ['ignore', 'ignore_ament_install']
[1.104s] Level 1:colcon.colcon_core.package_identification:_identify(src/robotnik_common/robotnik_common) by extension 'ignore'
[1.105s] Level 1:colcon.colcon_core.package_identification:_identify(src/robotnik_common/robotnik_common) by extension 'ignore_ament_install'
[1.105s] Level 1:colcon.colcon_core.package_identification:_identify(src/robotnik_common/robotnik_common) by extensions ['colcon_pkg']
[1.105s] Level 1:colcon.colcon_core.package_identification:_identify(src/robotnik_common/robotnik_common) by extension 'colcon_pkg'
[1.105s] Level 1:colcon.colcon_core.package_identification:_identify(src/robotnik_common/robotnik_common) by extensions ['colcon_meta']
[1.105s] Level 1:colcon.colcon_core.package_identification:_identify(src/robotnik_common/robotnik_common) by extension 'colcon_meta'
[1.105s] Level 1:colcon.colcon_core.package_identification:_identify(src/robotnik_common/robotnik_common) by extensions ['ros']
[1.105s] Level 1:colcon.colcon_core.package_identification:_identify(src/robotnik_common/robotnik_common) by extension 'ros'
[1.108s] DEBUG:colcon.colcon_core.package_identification:Package 'src/robotnik_common/robotnik_common' with type 'ros.ament_cmake' and name 'robotnik_common'
[1.109s] Level 1:colcon.colcon_core.package_identification:_identify(src/robotnik_description) by extensions ['ignore', 'ignore_ament_install']
[1.109s] Level 1:colcon.colcon_core.package_identification:_identify(src/robotnik_description) by extension 'ignore'
[1.110s] Level 1:colcon.colcon_core.package_identification:_identify(src/robotnik_description) by extension 'ignore_ament_install'
[1.110s] Level 1:colcon.colcon_core.package_identification:_identify(src/robotnik_description) by extensions ['colcon_pkg']
[1.110s] Level 1:colcon.colcon_core.package_identification:_identify(src/robotnik_description) by extension 'colcon_pkg'
[1.110s] Level 1:colcon.colcon_core.package_identification:_identify(src/robotnik_description) by extensions ['colcon_meta']
[1.110s] Level 1:colcon.colcon_core.package_identification:_identify(src/robotnik_description) by extension 'colcon_meta'
[1.110s] Level 1:colcon.colcon_core.package_identification:_identify(src/robotnik_description) by extensions ['ros']
[1.110s] Level 1:colcon.colcon_core.package_identification:_identify(src/robotnik_description) by extension 'ros'
[1.112s] DEBUG:colcon.colcon_core.package_identification:Package 'src/robotnik_description' with type 'ros.ament_cmake' and name 'robotnik_description'
[1.113s] Level 1:colcon.colcon_core.package_identification:_identify(src/robotnik_sensors) by extensions ['ignore', 'ignore_ament_install']
[1.113s] Level 1:colcon.colcon_core.package_identification:_identify(src/robotnik_sensors) by extension 'ignore'
[1.114s] Level 1:colcon.colcon_core.package_identification:_identify(src/robotnik_sensors) by extension 'ignore_ament_install'
[1.114s] Level 1:colcon.colcon_core.package_identification:_identify(src/robotnik_sensors) by extensions ['colcon_pkg']
[1.114s] Level 1:colcon.colcon_core.package_identification:_identify(src/robotnik_sensors) by extension 'colcon_pkg'
[1.115s] Level 1:colcon.colcon_core.package_identification:_identify(src/robotnik_sensors) by extensions ['colcon_meta']
[1.115s] Level 1:colcon.colcon_core.package_identification:_identify(src/robotnik_sensors) by extension 'colcon_meta'
[1.115s] Level 1:colcon.colcon_core.package_identification:_identify(src/robotnik_sensors) by extensions ['ros']
[1.115s] Level 1:colcon.colcon_core.package_identification:_identify(src/robotnik_sensors) by extension 'ros'
[1.115s] Level 1:colcon.colcon_core.package_identification:_identify(src/robotnik_sensors) by extensions ['cmake', 'python']
[1.115s] Level 1:colcon.colcon_core.package_identification:_identify(src/robotnik_sensors) by extension 'cmake'
[1.115s] Level 1:colcon.colcon_core.package_identification:_identify(src/robotnik_sensors) by extension 'python'
[1.116s] Level 1:colcon.colcon_core.package_identification:_identify(src/robotnik_sensors) by extensions ['python_setup_py']
[1.116s] Level 1:colcon.colcon_core.package_identification:_identify(src/robotnik_sensors) by extension 'python_setup_py'
[1.116s] Level 1:colcon.colcon_core.package_identification:_identify(src/robotnik_sensors/robotnik_sensors) by extensions ['ignore', 'ignore_ament_install']
[1.117s] Level 1:colcon.colcon_core.package_identification:_identify(src/robotnik_sensors/robotnik_sensors) by extension 'ignore'
[1.117s] Level 1:colcon.colcon_core.package_identification:_identify(src/robotnik_sensors/robotnik_sensors) by extension 'ignore_ament_install'
[1.117s] Level 1:colcon.colcon_core.package_identification:_identify(src/robotnik_sensors/robotnik_sensors) by extensions ['colcon_pkg']
[1.117s] Level 1:colcon.colcon_core.package_identification:_identify(src/robotnik_sensors/robotnik_sensors) by extension 'colcon_pkg'
[1.117s] Level 1:colcon.colcon_core.package_identification:_identify(src/robotnik_sensors/robotnik_sensors) by extensions ['colcon_meta']
[1.117s] Level 1:colcon.colcon_core.package_identification:_identify(src/robotnik_sensors/robotnik_sensors) by extension 'colcon_meta'
[1.118s] Level 1:colcon.colcon_core.package_identification:_identify(src/robotnik_sensors/robotnik_sensors) by extensions ['ros']
[1.118s] Level 1:colcon.colcon_core.package_identification:_identify(src/robotnik_sensors/robotnik_sensors) by extension 'ros'
[1.120s] DEBUG:colcon.colcon_core.package_identification:Package 'src/robotnik_sensors/robotnik_sensors' with type 'ros.ament_cmake' and name 'robotnik_sensors'
[1.121s] Level 1:colcon.colcon_core.package_identification:_identify(src/ros2_diff_drive_robot) by extensions ['ignore', 'ignore_ament_install']
[1.122s] Level 1:colcon.colcon_core.package_identification:_identify(src/ros2_diff_drive_robot) by extension 'ignore'
[1.122s] Level 1:colcon.colcon_core.package_identification:_identify(src/ros2_diff_drive_robot) by extension 'ignore_ament_install'
[1.122s] Level 1:colcon.colcon_core.package_identification:_identify(src/ros2_diff_drive_robot) by extensions ['colcon_pkg']
[1.122s] Level 1:colcon.colcon_core.package_identification:_identify(src/ros2_diff_drive_robot) by extension 'colcon_pkg'
[1.123s] Level 1:colcon.colcon_core.package_identification:_identify(src/ros2_diff_drive_robot) by extensions ['colcon_meta']
[1.123s] Level 1:colcon.colcon_core.package_identification:_identify(src/ros2_diff_drive_robot) by extension 'colcon_meta'
[1.123s] Level 1:colcon.colcon_core.package_identification:_identify(src/ros2_diff_drive_robot) by extensions ['ros']
[1.123s] Level 1:colcon.colcon_core.package_identification:_identify(src/ros2_diff_drive_robot) by extension 'ros'
[1.125s] DEBUG:colcon.colcon_core.package_identification:Package 'src/ros2_diff_drive_robot' with type 'ros.ament_cmake' and name 'diff_robot'
[1.125s] Level 1:colcon.colcon_core.package_discovery:discover_packages(recursive) using defaults
[1.126s] Level 1:colcon.colcon_core.package_discovery:discover_packages(ignore) discover
[1.126s] Level 1:colcon.colcon_core.package_discovery:discover_packages(ignore) using defaults
[1.126s] Level 1:colcon.colcon_core.package_discovery:discover_packages(path) discover
[1.126s] Level 1:colcon.colcon_core.package_discovery:discover_packages(path) using defaults
[1.205s] Level 1:colcon.colcon_core.package_discovery:discover_packages(prefix_path) check parameters
[1.205s] Level 1:colcon.colcon_core.package_discovery:discover_packages(prefix_path) discover
[1.218s] DEBUG:colcon.colcon_installed_package_information.package_discovery:Found 370 installed packages in /opt/ros/jazzy
[1.224s] Level 1:colcon.colcon_core.package_discovery:discover_packages(prefix_path) using defaults
[1.445s] Level 5:colcon.colcon_core.verb:set package 'control_rbkairos' build argument 'cmake_args' from command line to 'None'
[1.446s] Level 5:colcon.colcon_core.verb:set package 'control_rbkairos' build argument 'cmake_target' from command line to 'None'
[1.446s] Level 5:colcon.colcon_core.verb:set package 'control_rbkairos' build argument 'cmake_target_skip_unavailable' from command line to 'False'
[1.446s] Level 5:colcon.colcon_core.verb:set package 'control_rbkairos' build argument 'cmake_clean_cache' from command line to 'False'
[1.446s] Level 5:colcon.colcon_core.verb:set package 'control_rbkairos' build argument 'cmake_clean_first' from command line to 'False'
[1.446s] Level 5:colcon.colcon_core.verb:set package 'control_rbkairos' build argument 'cmake_force_configure' from command line to 'False'
[1.446s] Level 5:colcon.colcon_core.verb:set package 'control_rbkairos' build argument 'ament_cmake_args' from command line to 'None'
[1.447s] Level 5:colcon.colcon_core.verb:set package 'control_rbkairos' build argument 'catkin_cmake_args' from command line to 'None'
[1.447s] Level 5:colcon.colcon_core.verb:set package 'control_rbkairos' build argument 'catkin_skip_building_tests' from command line to 'False'
[1.447s] DEBUG:colcon.colcon_core.verb:Building package 'control_rbkairos' with the following arguments: {'ament_cmake_args': None, 'build_base': '/home/sopitaj/week6_ws/build/control_rbkairos', 'catkin_cmake_args': None, 'catkin_skip_building_tests': False, 'cmake_args': None, 'cmake_clean_cache': False, 'cmake_clean_first': False, 'cmake_force_configure': False, 'cmake_target': None, 'cmake_target_skip_unavailable': False, 'install_base': '/home/sopitaj/week6_ws/install/control_rbkairos', 'merge_install': False, 'path': '/home/sopitaj/week6_ws/src/control_rbkairos', 'symlink_install': True, 'test_result_base': None}
[1.448s] Level 5:colcon.colcon_core.verb:set package 'diff_robot' build argument 'cmake_args' from command line to 'None'
[1.448s] Level 5:colcon.colcon_core.verb:set package 'diff_robot' build argument 'cmake_target' from command line to 'None'
[1.448s] Level 5:colcon.colcon_core.verb:set package 'diff_robot' build argument 'cmake_target_skip_unavailable' from command line to 'False'
[1.448s] Level 5:colcon.colcon_core.verb:set package 'diff_robot' build argument 'cmake_clean_cache' from command line to 'False'
[1.449s] Level 5:colcon.colcon_core.verb:set package 'diff_robot' build argument 'cmake_clean_first' from command line to 'False'
[1.449s] Level 5:colcon.colcon_core.verb:set package 'diff_robot' build argument 'cmake_force_configure' from command line to 'False'
[1.449s] Level 5:colcon.colcon_core.verb:set package 'diff_robot' build argument 'ament_cmake_args' from command line to 'None'
[1.449s] Level 5:colcon.colcon_core.verb:set package 'diff_robot' build argument 'catkin_cmake_args' from command line to 'None'
[1.449s] Level 5:colcon.colcon_core.verb:set package 'diff_robot' build argument 'catkin_skip_building_tests' from command line to 'False'
[1.449s] DEBUG:colcon.colcon_core.verb:Building package 'diff_robot' with the following arguments: {'ament_cmake_args': None, 'build_base': '/home/sopitaj/week6_ws/build/diff_robot', 'catkin_cmake_args': None, 'catkin_skip_building_tests': False, 'cmake_args': None, 'cmake_clean_cache': False, 'cmake_clean_first': False, 'cmake_force_configure': False, 'cmake_target': None, 'cmake_target_skip_unavailable': False, 'install_base': '/home/sopitaj/week6_ws/install/diff_robot', 'merge_install': False, 'path': '/home/sopitaj/week6_ws/src/ros2_diff_drive_robot', 'symlink_install': True, 'test_result_base': None}
[1.450s] Level 5:colcon.colcon_core.verb:set package 'robotnik_common' build argument 'cmake_args' from command line to 'None'
[1.450s] Level 5:colcon.colcon_core.verb:set package 'robotnik_common' build argument 'cmake_target' from command line to 'None'
[1.451s] Level 5:colcon.colcon_core.verb:set package 'robotnik_common' build argument 'cmake_target_skip_unavailable' from command line to 'False'
[1.451s] Level 5:colcon.colcon_core.verb:set package 'robotnik_common' build argument 'cmake_clean_cache' from command line to 'False'
[1.451s] Level 5:colcon.colcon_core.verb:set package 'robotnik_common' build argument 'cmake_clean_first' from command line to 'False'
[1.451s] Level 5:colcon.colcon_core.verb:set package 'robotnik_common' build argument 'cmake_force_configure' from command line to 'False'
[1.451s] Level 5:colcon.colcon_core.verb:set package 'robotnik_common' build argument 'ament_cmake_args' from command line to 'None'
[1.451s] Level 5:colcon.colcon_core.verb:set package 'robotnik_common' build argument 'catkin_cmake_args' from command line to 'None'
[1.451s] Level 5:colcon.colcon_core.verb:set package 'robotnik_common' build argument 'catkin_skip_building_tests' from command line to 'False'
[1.451s] DEBUG:colcon.colcon_core.verb:Building package 'robotnik_common' with the following arguments: {'ament_cmake_args': None, 'build_base': '/home/sopitaj/week6_ws/build/robotnik_common', 'catkin_cmake_args': None, 'catkin_skip_building_tests': False, 'cmake_args': None, 'cmake_clean_cache': False, 'cmake_clean_first': False, 'cmake_force_configure': False, 'cmake_target': None, 'cmake_target_skip_unavailable': False, 'install_base': '/home/sopitaj/week6_ws/install/robotnik_common', 'merge_install': False, 'path': '/home/sopitaj/week6_ws/src/robotnik_common/robotnik_common', 'symlink_install': True, 'test_result_base': None}
[1.452s] Level 5:colcon.colcon_core.verb:set package 'robotnik_sensors' build argument 'cmake_args' from command line to 'None'
[1.452s] Level 5:colcon.colcon_core.verb:set package 'robotnik_sensors' build argument 'cmake_target' from command line to 'None'
[1.452s] Level 5:colcon.colcon_core.verb:set package 'robotnik_sensors' build argument 'cmake_target_skip_unavailable' from command line to 'False'
[1.452s] Level 5:colcon.colcon_core.verb:set package 'robotnik_sensors' build argument 'cmake_clean_cache' from command line to 'False'
[1.453s] Level 5:colcon.colcon_core.verb:set package 'robotnik_sensors' build argument 'cmake_clean_first' from command line to 'False'
[1.453s] Level 5:colcon.colcon_core.verb:set package 'robotnik_sensors' build argument 'cmake_force_configure' from command line to 'False'
[1.453s] Level 5:colcon.colcon_core.verb:set package 'robotnik_sensors' build argument 'ament_cmake_args' from command line to 'None'
[1.453s] Level 5:colcon.colcon_core.verb:set package 'robotnik_sensors' build argument 'catkin_cmake_args' from command line to 'None'
[1.453s] Level 5:colcon.colcon_core.verb:set package 'robotnik_sensors' build argument 'catkin_skip_building_tests' from command line to 'False'
[1.453s] DEBUG:colcon.colcon_core.verb:Building package 'robotnik_sensors' with the following arguments: {'ament_cmake_args': None, 'build_base': '/home/sopitaj/week6_ws/build/robotnik_sensors', 'catkin_cmake_args': None, 'catkin_skip_building_tests': False, 'cmake_args': None, 'cmake_clean_cache': False, 'cmake_clean_first': False, 'cmake_force_configure': False, 'cmake_target': None, 'cmake_target_skip_unavailable': False, 'install_base': '/home/sopitaj/week6_ws/install/robotnik_sensors', 'merge_install': False, 'path': '/home/sopitaj/week6_ws/src/robotnik_sensors/robotnik_sensors', 'symlink_install': True, 'test_result_base': None}
[1.454s] Level 5:colcon.colcon_core.verb:set package 'robotnik_description' build argument 'cmake_args' from command line to 'None'
[1.454s] Level 5:colcon.colcon_core.verb:set package 'robotnik_description' build argument 'cmake_target' from command line to 'None'
[1.455s] Level 5:colcon.colcon_core.verb:set package 'robotnik_description' build argument 'cmake_target_skip_unavailable' from command line to 'False'
[1.455s] Level 5:colcon.colcon_core.verb:set package 'robotnik_description' build argument 'cmake_clean_cache' from command line to 'False'
[1.455s] Level 5:colcon.colcon_core.verb:set package 'robotnik_description' build argument 'cmake_clean_first' from command line to 'False'
[1.455s] Level 5:colcon.colcon_core.verb:set package 'robotnik_description' build argument 'cmake_force_configure' from command line to 'False'
[1.455s] Level 5:colcon.colcon_core.verb:set package 'robotnik_description' build argument 'ament_cmake_args' from command line to 'None'
[1.455s] Level 5:colcon.colcon_core.verb:set package 'robotnik_description' build argument 'catkin_cmake_args' from command line to 'None'
[1.455s] Level 5:colcon.colcon_core.verb:set package 'robotnik_description' build argument 'catkin_skip_building_tests' from command line to 'False'
[1.455s] DEBUG:colcon.colcon_core.verb:Building package 'robotnik_description' with the following arguments: {'ament_cmake_args': None, 'build_base': '/home/sopitaj/week6_ws/build/robotnik_description', 'catkin_cmake_args': None, 'catkin_skip_building_tests': False, 'cmake_args': None, 'cmake_clean_cache': False, 'cmake_clean_first': False, 'cmake_force_configure': False, 'cmake_target': None, 'cmake_target_skip_unavailable': False, 'install_base': '/home/sopitaj/week6_ws/install/robotnik_description', 'merge_install': False, 'path': '/home/sopitaj/week6_ws/src/robotnik_description', 'symlink_install': True, 'test_result_base': None}
[1.456s] INFO:colcon.colcon_core.executor:Executing jobs using 'parallel' executor
[1.461s] DEBUG:colcon.colcon_parallel_executor.executor.parallel:run_until_complete
[1.462s] INFO:colcon.colcon_ros.task.ament_cmake.build:Building ROS package in '/home/sopitaj/week6_ws/src/robotnik_sensors/robotnik_sensors' with build type 'ament_cmake'
[1.462s] INFO:colcon.colcon_cmake.task.cmake.build:Building CMake package in '/home/sopitaj/week6_ws/src/robotnik_sensors/robotnik_sensors'
[1.475s] INFO:colcon.colcon_core.plugin_system:Skipping extension 'colcon_core.shell.bat': Not used on non-Windows systems
[1.476s] INFO:colcon.colcon_core.shell:Skip shell extension 'powershell' for command environment: Not usable outside of PowerShell
[1.478s] DEBUG:colcon.colcon_core.shell:Skip shell extension 'dsv' for command environment
[1.494s] INFO:colcon.colcon_ros.task.ament_python.build:Building ROS package in '/home/sopitaj/week6_ws/src/control_rbkairos' with build type 'ament_python'
[1.495s] Level 1:colcon.colcon_core.shell:create_environment_hook('control_rbkairos', 'ament_prefix_path')
[1.495s] INFO:colcon.colcon_core.shell:Creating environment hook '/home/sopitaj/week6_ws/install/control_rbkairos/share/control_rbkairos/hook/ament_prefix_path.ps1'
[1.507s] INFO:colcon.colcon_core.shell:Creating environment descriptor '/home/sopitaj/week6_ws/install/control_rbkairos/share/control_rbkairos/hook/ament_prefix_path.dsv'
[1.509s] INFO:colcon.colcon_core.shell:Creating environment hook '/home/sopitaj/week6_ws/install/control_rbkairos/share/control_rbkairos/hook/ament_prefix_path.sh'
[1.512s] INFO:colcon.colcon_core.shell:Skip shell extension 'powershell' for command environment: Not usable outside of PowerShell
[1.512s] DEBUG:colcon.colcon_core.shell:Skip shell extension 'dsv' for command environment
[1.527s] INFO:colcon.colcon_ros.task.ament_cmake.build:Building ROS package in '/home/sopitaj/week6_ws/src/ros2_diff_drive_robot' with build type 'ament_cmake'
[1.528s] INFO:colcon.colcon_cmake.task.cmake.build:Building CMake package in '/home/sopitaj/week6_ws/src/ros2_diff_drive_robot'
[1.528s] INFO:colcon.colcon_core.shell:Skip shell extension 'powershell' for command environment: Not usable outside of PowerShell
[1.529s] DEBUG:colcon.colcon_core.shell:Skip shell extension 'dsv' for command environment
[1.544s] INFO:colcon.colcon_ros.task.ament_cmake.build:Building ROS package in '/home/sopitaj/week6_ws/src/robotnik_common/robotnik_common' with build type 'ament_cmake'
[1.545s] INFO:colcon.colcon_cmake.task.cmake.build:Building CMake package in '/home/sopitaj/week6_ws/src/robotnik_common/robotnik_common'
[1.546s] INFO:colcon.colcon_core.shell:Skip shell extension 'powershell' for command environment: Not usable outside of PowerShell
[1.547s] DEBUG:colcon.colcon_core.shell:Skip shell extension 'dsv' for command environment
[1.592s] DEBUG:colcon.colcon_core.event_handler.log_command:Invoking command in '/home/sopitaj/week6_ws/build/robotnik_sensors': CMAKE_PREFIX_PATH=${CMAKE_PREFIX_PATH}:/opt/ros/jazzy /usr/bin/cmake /home/sopitaj/week6_ws/src/robotnik_sensors/robotnik_sensors -DAMENT_CMAKE_SYMLINK_INSTALL=1 -DCMAKE_INSTALL_PREFIX=/home/sopitaj/week6_ws/install/robotnik_sensors
[2.609s] WARNING:colcon.colcon_ros.task.ament_python.build:Package 'control_rbkairos' doesn't explicitly install a marker in the package index (colcon-ros currently does it implicitly but that fallback will be removed in the future)
[2.616s] INFO:colcon.colcon_core.task.python.build:Building Python package in '/home/sopitaj/week6_ws/src/control_rbkairos'
[2.617s] INFO:colcon.colcon_core.shell:Skip shell extension 'powershell' for command environment: Not usable outside of PowerShell
[2.617s] DEBUG:colcon.colcon_core.shell:Skip shell extension 'dsv' for command environment
[2.649s] DEBUG:colcon.colcon_core.event_handler.log_command:Invoking command in '/home/sopitaj/week6_ws/build/diff_robot': CMAKE_PREFIX_PATH=${CMAKE_PREFIX_PATH}:/opt/ros/jazzy /usr/bin/cmake /home/sopitaj/week6_ws/src/ros2_diff_drive_robot -DAMENT_CMAKE_SYMLINK_INSTALL=1 -DCMAKE_INSTALL_PREFIX=/home/sopitaj/week6_ws/install/diff_robot
[2.678s] DEBUG:colcon.colcon_core.event_handler.log_command:Invoking command in '/home/sopitaj/week6_ws/build/robotnik_common': CMAKE_PREFIX_PATH=${CMAKE_PREFIX_PATH}:/opt/ros/jazzy /usr/bin/cmake /home/sopitaj/week6_ws/src/robotnik_common/robotnik_common -DAMENT_CMAKE_SYMLINK_INSTALL=1 -DCMAKE_INSTALL_PREFIX=/home/sopitaj/week6_ws/install/robotnik_common
[5.352s] DEBUG:colcon.colcon_core.event_handler.log_command:Invoked command in '/home/sopitaj/week6_ws/build/robotnik_common' returned '0': CMAKE_PREFIX_PATH=${CMAKE_PREFIX_PATH}:/opt/ros/jazzy /usr/bin/cmake /home/sopitaj/week6_ws/src/robotnik_common/robotnik_common -DAMENT_CMAKE_SYMLINK_INSTALL=1 -DCMAKE_INSTALL_PREFIX=/home/sopitaj/week6_ws/install/robotnik_common
[5.357s] DEBUG:colcon.colcon_core.event_handler.log_command:Invoking command in '/home/sopitaj/week6_ws/build/robotnik_common': CMAKE_PREFIX_PATH=${CMAKE_PREFIX_PATH}:/opt/ros/jazzy /usr/bin/cmake --build /home/sopitaj/week6_ws/build/robotnik_common -- -j8 -l8
[6.502s] DEBUG:colcon.colcon_core.event_handler.log_command:Invoking command in '/home/sopitaj/week6_ws/build/control_rbkairos': PYTHONPATH=/home/sopitaj/week6_ws/build/control_rbkairos/prefix_override:/usr/lib/python3/dist-packages/colcon_core/task/python/colcon_distutils_commands:/home/sopitaj/week6_ws/install/control_rbkairos/lib/python3.12/site-packages:${PYTHONPATH} /usr/bin/python3 -W ignore:setup.py install is deprecated -W ignore:easy_install command is deprecated setup.py develop --editable --build-directory /home/sopitaj/week6_ws/build/control_rbkairos/build --no-deps symlink_data
[7.702s] DEBUG:colcon.colcon_core.event_handler.log_command:Invoked command in '/home/sopitaj/week6_ws/build/robotnik_common' returned '0': CMAKE_PREFIX_PATH=${CMAKE_PREFIX_PATH}:/opt/ros/jazzy /usr/bin/cmake --build /home/sopitaj/week6_ws/build/robotnik_common -- -j8 -l8
[7.772s] DEBUG:colcon.colcon_core.event_handler.log_command:Invoking command in '/home/sopitaj/week6_ws/build/robotnik_common': CMAKE_PREFIX_PATH=${CMAKE_PREFIX_PATH}:/opt/ros/jazzy /usr/bin/cmake --install /home/sopitaj/week6_ws/build/robotnik_common
[10.170s] Level 1:colcon.colcon_core.environment:create_environment_scripts_only(robotnik_common)
[10.175s] DEBUG:colcon.colcon_core.event_handler.log_command:Invoked command in '/home/sopitaj/week6_ws/build/robotnik_common' returned '0': CMAKE_PREFIX_PATH=${CMAKE_PREFIX_PATH}:/opt/ros/jazzy /usr/bin/cmake --install /home/sopitaj/week6_ws/build/robotnik_common
[10.185s] Level 1:colcon.colcon_core.environment:checking '/home/sopitaj/week6_ws/install/robotnik_common' for CMake module files
[10.187s] Level 1:colcon.colcon_core.environment:checking '/home/sopitaj/week6_ws/install/robotnik_common' for CMake config files
[10.190s] Level 1:colcon.colcon_core.shell:create_environment_hook('robotnik_common', 'cmake_prefix_path')
[10.191s] INFO:colcon.colcon_core.shell:Creating environment hook '/home/sopitaj/week6_ws/install/robotnik_common/share/robotnik_common/hook/cmake_prefix_path.ps1'
[10.194s] INFO:colcon.colcon_core.shell:Creating environment descriptor '/home/sopitaj/week6_ws/install/robotnik_common/share/robotnik_common/hook/cmake_prefix_path.dsv'
[10.195s] INFO:colcon.colcon_core.shell:Creating environment hook '/home/sopitaj/week6_ws/install/robotnik_common/share/robotnik_common/hook/cmake_prefix_path.sh'
[10.202s] Level 1:colcon.colcon_core.environment:checking '/home/sopitaj/week6_ws/install/robotnik_common/lib'
[10.203s] Level 1:colcon.colcon_core.environment:checking '/home/sopitaj/week6_ws/install/robotnik_common/bin'
[10.203s] Level 1:colcon.colcon_core.environment:checking '/home/sopitaj/week6_ws/install/robotnik_common/lib/pkgconfig/robotnik_common.pc'
[10.204s] Level 1:colcon.colcon_core.environment:checking '/home/sopitaj/week6_ws/install/robotnik_common/lib/python3.12/site-packages'
[10.205s] Level 1:colcon.colcon_core.shell:create_environment_hook('robotnik_common', 'pythonpath')
[10.205s] INFO:colcon.colcon_core.shell:Creating environment hook '/home/sopitaj/week6_ws/install/robotnik_common/share/robotnik_common/hook/pythonpath.ps1'
[10.207s] INFO:colcon.colcon_core.shell:Creating environment descriptor '/home/sopitaj/week6_ws/install/robotnik_common/share/robotnik_common/hook/pythonpath.dsv'
[10.209s] INFO:colcon.colcon_core.shell:Creating environment hook '/home/sopitaj/week6_ws/install/robotnik_common/share/robotnik_common/hook/pythonpath.sh'
[10.212s] Level 1:colcon.colcon_core.environment:checking '/home/sopitaj/week6_ws/install/robotnik_common/bin'
[10.214s] INFO:colcon.colcon_core.shell:Creating package script '/home/sopitaj/week6_ws/install/robotnik_common/share/robotnik_common/package.ps1'
[10.217s] INFO:colcon.colcon_core.shell:Creating package descriptor '/home/sopitaj/week6_ws/install/robotnik_common/share/robotnik_common/package.dsv'
[10.220s] INFO:colcon.colcon_core.shell:Creating package script '/home/sopitaj/week6_ws/install/robotnik_common/share/robotnik_common/package.sh'
[10.223s] INFO:colcon.colcon_core.shell:Creating package script '/home/sopitaj/week6_ws/install/robotnik_common/share/robotnik_common/package.bash'
[10.226s] INFO:colcon.colcon_core.shell:Creating package script '/home/sopitaj/week6_ws/install/robotnik_common/share/robotnik_common/package.zsh'
[10.229s] Level 1:colcon.colcon_core.environment:create_file_with_runtime_dependencies(/home/sopitaj/week6_ws/install/robotnik_common/share/colcon-core/packages/robotnik_common)
[10.236s] Level 1:colcon.colcon_core.environment:create_environment_scripts_only(robotnik_common)
[10.237s] Level 1:colcon.colcon_core.environment:checking '/home/sopitaj/week6_ws/install/robotnik_common' for CMake module files
[10.240s] Level 1:colcon.colcon_core.environment:checking '/home/sopitaj/week6_ws/install/robotnik_common' for CMake config files
[10.244s] Level 1:colcon.colcon_core.shell:create_environment_hook('robotnik_common', 'cmake_prefix_path')
[10.245s] INFO:colcon.colcon_core.shell:Creating environment hook '/home/sopitaj/week6_ws/install/robotnik_common/share/robotnik_common/hook/cmake_prefix_path.ps1'
[10.248s] INFO:colcon.colcon_core.shell:Creating environment descriptor '/home/sopitaj/week6_ws/install/robotnik_common/share/robotnik_common/hook/cmake_prefix_path.dsv'
[10.249s] INFO:colcon.colcon_core.shell:Creating environment hook '/home/sopitaj/week6_ws/install/robotnik_common/share/robotnik_common/hook/cmake_prefix_path.sh'
[10.252s] Level 1:colcon.colcon_core.environment:checking '/home/sopitaj/week6_ws/install/robotnik_common/lib'
[10.252s] Level 1:colcon.colcon_core.environment:checking '/home/sopitaj/week6_ws/install/robotnik_common/bin'
[10.253s] Level 1:colcon.colcon_core.environment:checking '/home/sopitaj/week6_ws/install/robotnik_common/lib/pkgconfig/robotnik_common.pc'
[10.254s] Level 1:colcon.colcon_core.environment:checking '/home/sopitaj/week6_ws/install/robotnik_common/lib/python3.12/site-packages'
[10.254s] Level 1:colcon.colcon_core.shell:create_environment_hook('robotnik_common', 'pythonpath')
[10.255s] INFO:colcon.colcon_core.shell:Creating environment hook '/home/sopitaj/week6_ws/install/robotnik_common/share/robotnik_common/hook/pythonpath.ps1'
[10.257s] INFO:colcon.colcon_core.shell:Creating environment descriptor '/home/sopitaj/week6_ws/install/robotnik_common/share/robotnik_common/hook/pythonpath.dsv'
[10.258s] INFO:colcon.colcon_core.shell:Creating environment hook '/home/sopitaj/week6_ws/install/robotnik_common/share/robotnik_common/hook/pythonpath.sh'
[10.261s] Level 1:colcon.colcon_core.environment:checking '/home/sopitaj/week6_ws/install/robotnik_common/bin'
[10.262s] INFO:colcon.colcon_core.shell:Creating package script '/home/sopitaj/week6_ws/install/robotnik_common/share/robotnik_common/package.ps1'
[10.265s] INFO:colcon.colcon_core.shell:Creating package descriptor '/home/sopitaj/week6_ws/install/robotnik_common/share/robotnik_common/package.dsv'
[10.267s] INFO:colcon.colcon_core.shell:Creating package script '/home/sopitaj/week6_ws/install/robotnik_common/share/robotnik_common/package.sh'
[10.269s] INFO:colcon.colcon_core.shell:Creating package script '/home/sopitaj/week6_ws/install/robotnik_common/share/robotnik_common/package.bash'
[10.270s] INFO:colcon.colcon_core.shell:Creating package script '/home/sopitaj/week6_ws/install/robotnik_common/share/robotnik_common/package.zsh'
[10.272s] Level 1:colcon.colcon_core.environment:create_file_with_runtime_dependencies(/home/sopitaj/week6_ws/install/robotnik_common/share/colcon-core/packages/robotnik_common)
[10.278s] Level 1:colcon.colcon_core.shell:create_environment_hook('control_rbkairos', 'pythonpath_develop')
[10.279s] INFO:colcon.colcon_core.shell:Creating environment hook '/home/sopitaj/week6_ws/build/control_rbkairos/share/control_rbkairos/hook/pythonpath_develop.ps1'
[10.280s] DEBUG:colcon.colcon_core.event_handler.log_command:Invoked command in '/home/sopitaj/week6_ws/build/control_rbkairos' returned '0': PYTHONPATH=/home/sopitaj/week6_ws/build/control_rbkairos/prefix_override:/usr/lib/python3/dist-packages/colcon_core/task/python/colcon_distutils_commands:/home/sopitaj/week6_ws/install/control_rbkairos/lib/python3.12/site-packages:${PYTHONPATH} /usr/bin/python3 -W ignore:setup.py install is deprecated -W ignore:easy_install command is deprecated setup.py develop --editable --build-directory /home/sopitaj/week6_ws/build/control_rbkairos/build --no-deps symlink_data
[10.290s] INFO:colcon.colcon_core.shell:Creating environment descriptor '/home/sopitaj/week6_ws/build/control_rbkairos/share/control_rbkairos/hook/pythonpath_develop.dsv'
[10.291s] INFO:colcon.colcon_core.shell:Creating environment hook '/home/sopitaj/week6_ws/build/control_rbkairos/share/control_rbkairos/hook/pythonpath_develop.sh'
[10.293s] Level 1:colcon.colcon_core.environment:checking '/home/sopitaj/week6_ws/install/control_rbkairos' for CMake module files
[10.296s] Level 1:colcon.colcon_core.environment:checking '/home/sopitaj/week6_ws/install/control_rbkairos' for CMake config files
[10.298s] Level 1:colcon.colcon_core.environment:checking '/home/sopitaj/week6_ws/install/control_rbkairos/lib'
[10.299s] Level 1:colcon.colcon_core.environment:checking '/home/sopitaj/week6_ws/install/control_rbkairos/bin'
[10.299s] Level 1:colcon.colcon_core.environment:checking '/home/sopitaj/week6_ws/install/control_rbkairos/lib/pkgconfig/control_rbkairos.pc'
[10.300s] Level 1:colcon.colcon_core.environment:checking '/home/sopitaj/week6_ws/install/control_rbkairos/lib/python3.12/site-packages'
[10.300s] Level 1:colcon.colcon_core.shell:create_environment_hook('control_rbkairos', 'pythonpath')
[10.301s] INFO:colcon.colcon_core.shell:Creating environment hook '/home/sopitaj/week6_ws/install/control_rbkairos/share/control_rbkairos/hook/pythonpath.ps1'
[10.302s] INFO:colcon.colcon_core.shell:Creating environment descriptor '/home/sopitaj/week6_ws/install/control_rbkairos/share/control_rbkairos/hook/pythonpath.dsv'
[10.304s] INFO:colcon.colcon_core.shell:Creating environment hook '/home/sopitaj/week6_ws/install/control_rbkairos/share/control_rbkairos/hook/pythonpath.sh'
[10.306s] Level 1:colcon.colcon_core.environment:checking '/home/sopitaj/week6_ws/install/control_rbkairos/bin'
[10.306s] Level 1:colcon.colcon_core.environment:create_environment_scripts_only(control_rbkairos)
[10.307s] INFO:colcon.colcon_core.shell:Creating package script '/home/sopitaj/week6_ws/install/control_rbkairos/share/control_rbkairos/package.ps1'
[10.309s] INFO:colcon.colcon_core.shell:Creating package descriptor '/home/sopitaj/week6_ws/install/control_rbkairos/share/control_rbkairos/package.dsv'
[10.311s] INFO:colcon.colcon_core.shell:Creating package script '/home/sopitaj/week6_ws/install/control_rbkairos/share/control_rbkairos/package.sh'
[10.313s] INFO:colcon.colcon_core.shell:Creating package script '/home/sopitaj/week6_ws/install/control_rbkairos/share/control_rbkairos/package.bash'
[10.315s] INFO:colcon.colcon_core.shell:Creating package script '/home/sopitaj/week6_ws/install/control_rbkairos/share/control_rbkairos/package.zsh'
[10.316s] Level 1:colcon.colcon_core.environment:create_file_with_runtime_dependencies(/home/sopitaj/week6_ws/install/control_rbkairos/share/colcon-core/packages/control_rbkairos)
[14.277s] DEBUG:colcon.colcon_core.event_handler.log_command:Invoked command in '/home/sopitaj/week6_ws/build/robotnik_sensors' returned '0': CMAKE_PREFIX_PATH=${CMAKE_PREFIX_PATH}:/opt/ros/jazzy /usr/bin/cmake /home/sopitaj/week6_ws/src/robotnik_sensors/robotnik_sensors -DAMENT_CMAKE_SYMLINK_INSTALL=1 -DCMAKE_INSTALL_PREFIX=/home/sopitaj/week6_ws/install/robotnik_sensors
[14.278s] DEBUG:colcon.colcon_core.event_handler.log_command:Invoking command in '/home/sopitaj/week6_ws/build/robotnik_sensors': CMAKE_PREFIX_PATH=${CMAKE_PREFIX_PATH}:/opt/ros/jazzy /usr/bin/cmake --build /home/sopitaj/week6_ws/build/robotnik_sensors -- -j8 -l8
[14.487s] DEBUG:colcon.colcon_core.event_handler.log_command:Invoked command in '/home/sopitaj/week6_ws/build/robotnik_sensors' returned '0': CMAKE_PREFIX_PATH=${CMAKE_PREFIX_PATH}:/opt/ros/jazzy /usr/bin/cmake --build /home/sopitaj/week6_ws/build/robotnik_sensors -- -j8 -l8
[14.489s] DEBUG:colcon.colcon_core.event_handler.log_command:Invoking command in '/home/sopitaj/week6_ws/build/robotnik_sensors': CMAKE_PREFIX_PATH=${CMAKE_PREFIX_PATH}:/opt/ros/jazzy /usr/bin/cmake --install /home/sopitaj/week6_ws/build/robotnik_sensors
[20.740s] DEBUG:colcon.colcon_core.event_handler.log_command:Invoked command in '/home/sopitaj/week6_ws/build/diff_robot' returned '0': CMAKE_PREFIX_PATH=${CMAKE_PREFIX_PATH}:/opt/ros/jazzy /usr/bin/cmake /home/sopitaj/week6_ws/src/ros2_diff_drive_robot -DAMENT_CMAKE_SYMLINK_INSTALL=1 -DCMAKE_INSTALL_PREFIX=/home/sopitaj/week6_ws/install/diff_robot
[20.745s] DEBUG:colcon.colcon_core.event_handler.log_command:Invoking command in '/home/sopitaj/week6_ws/build/diff_robot': CMAKE_PREFIX_PATH=${CMAKE_PREFIX_PATH}:/opt/ros/jazzy /usr/bin/cmake --build /home/sopitaj/week6_ws/build/diff_robot -- -j8 -l8
[23.672s] Level 1:colcon.colcon_core.environment:create_environment_scripts_only(robotnik_sensors)
[23.672s] Level 1:colcon.colcon_core.environment:checking '/home/sopitaj/week6_ws/install/robotnik_sensors' for CMake module files
[23.675s] Level 1:colcon.colcon_core.environment:checking '/home/sopitaj/week6_ws/install/robotnik_sensors' for CMake config files
[23.676s] DEBUG:colcon.colcon_core.event_handler.log_command:Invoked command in '/home/sopitaj/week6_ws/build/robotnik_sensors' returned '0': CMAKE_PREFIX_PATH=${CMAKE_PREFIX_PATH}:/opt/ros/jazzy /usr/bin/cmake --install /home/sopitaj/week6_ws/build/robotnik_sensors
[23.682s] Level 1:colcon.colcon_core.shell:create_environment_hook('robotnik_sensors', 'cmake_prefix_path')
[23.683s] INFO:colcon.colcon_core.shell:Creating environment hook '/home/sopitaj/week6_ws/install/robotnik_sensors/share/robotnik_sensors/hook/cmake_prefix_path.ps1'
[23.686s] INFO:colcon.colcon_core.shell:Creating environment descriptor '/home/sopitaj/week6_ws/install/robotnik_sensors/share/robotnik_sensors/hook/cmake_prefix_path.dsv'
[23.688s] INFO:colcon.colcon_core.shell:Creating environment hook '/home/sopitaj/week6_ws/install/robotnik_sensors/share/robotnik_sensors/hook/cmake_prefix_path.sh'
[23.690s] Level 1:colcon.colcon_core.environment:checking '/home/sopitaj/week6_ws/install/robotnik_sensors/bin'
[23.691s] Level 1:colcon.colcon_core.environment:checking '/home/sopitaj/week6_ws/install/robotnik_sensors/lib/pkgconfig/robotnik_sensors.pc'
[23.692s] Level 1:colcon.colcon_core.environment:checking '/home/sopitaj/week6_ws/install/robotnik_sensors/lib/python3.12/site-packages'
[23.692s] Level 1:colcon.colcon_core.environment:checking '/home/sopitaj/week6_ws/install/robotnik_sensors/bin'
[23.693s] INFO:colcon.colcon_core.shell:Creating package script '/home/sopitaj/week6_ws/install/robotnik_sensors/share/robotnik_sensors/package.ps1'
[23.695s] INFO:colcon.colcon_core.shell:Creating package descriptor '/home/sopitaj/week6_ws/install/robotnik_sensors/share/robotnik_sensors/package.dsv'
[23.697s] INFO:colcon.colcon_core.shell:Creating package script '/home/sopitaj/week6_ws/install/robotnik_sensors/share/robotnik_sensors/package.sh'
[23.699s] INFO:colcon.colcon_core.shell:Creating package script '/home/sopitaj/week6_ws/install/robotnik_sensors/share/robotnik_sensors/package.bash'
[23.700s] INFO:colcon.colcon_core.shell:Creating package script '/home/sopitaj/week6_ws/install/robotnik_sensors/share/robotnik_sensors/package.zsh'
[23.702s] Level 1:colcon.colcon_core.environment:create_file_with_runtime_dependencies(/home/sopitaj/week6_ws/install/robotnik_sensors/share/colcon-core/packages/robotnik_sensors)
[23.708s] Level 1:colcon.colcon_core.environment:create_environment_scripts_only(robotnik_sensors)
[23.709s] Level 1:colcon.colcon_core.environment:checking '/home/sopitaj/week6_ws/install/robotnik_sensors' for CMake module files
[23.711s] Level 1:colcon.colcon_core.environment:checking '/home/sopitaj/week6_ws/install/robotnik_sensors' for CMake config files
[23.720s] Level 1:colcon.colcon_core.shell:create_environment_hook('robotnik_sensors', 'cmake_prefix_path')
[23.720s] INFO:colcon.colcon_core.shell:Creating environment hook '/home/sopitaj/week6_ws/install/robotnik_sensors/share/robotnik_sensors/hook/cmake_prefix_path.ps1'
[23.722s] INFO:colcon.colcon_core.shell:Creating environment descriptor '/home/sopitaj/week6_ws/install/robotnik_sensors/share/robotnik_sensors/hook/cmake_prefix_path.dsv'
[23.724s] INFO:colcon.colcon_core.shell:Creating environment hook '/home/sopitaj/week6_ws/install/robotnik_sensors/share/robotnik_sensors/hook/cmake_prefix_path.sh'
[23.726s] Level 1:colcon.colcon_core.environment:checking '/home/sopitaj/week6_ws/install/robotnik_sensors/bin'
[23.727s] Level 1:colcon.colcon_core.environment:checking '/home/sopitaj/week6_ws/install/robotnik_sensors/lib/pkgconfig/robotnik_sensors.pc'
[23.727s] Level 1:colcon.colcon_core.environment:checking '/home/sopitaj/week6_ws/install/robotnik_sensors/lib/python3.12/site-packages'
[23.728s] Level 1:colcon.colcon_core.environment:checking '/home/sopitaj/week6_ws/install/robotnik_sensors/bin'
[23.729s] INFO:colcon.colcon_core.shell:Creating package script '/home/sopitaj/week6_ws/install/robotnik_sensors/share/robotnik_sensors/package.ps1'
[23.740s] INFO:colcon.colcon_core.shell:Creating package descriptor '/home/sopitaj/week6_ws/install/robotnik_sensors/share/robotnik_sensors/package.dsv'
[23.745s] INFO:colcon.colcon_core.shell:Creating package script '/home/sopitaj/week6_ws/install/robotnik_sensors/share/robotnik_sensors/package.sh'
[23.747s] INFO:colcon.colcon_core.shell:Creating package script '/home/sopitaj/week6_ws/install/robotnik_sensors/share/robotnik_sensors/package.bash'
[23.749s] INFO:colcon.colcon_core.shell:Creating package script '/home/sopitaj/week6_ws/install/robotnik_sensors/share/robotnik_sensors/package.zsh'
[23.750s] Level 1:colcon.colcon_core.environment:create_file_with_runtime_dependencies(/home/sopitaj/week6_ws/install/robotnik_sensors/share/colcon-core/packages/robotnik_sensors)
[23.754s] INFO:colcon.colcon_ros.task.ament_cmake.build:Building ROS package in '/home/sopitaj/week6_ws/src/robotnik_description' with build type 'ament_cmake'
[23.755s] INFO:colcon.colcon_cmake.task.cmake.build:Building CMake package in '/home/sopitaj/week6_ws/src/robotnik_description'
[23.755s] INFO:colcon.colcon_core.shell:Skip shell extension 'powershell' for command environment: Not usable outside of PowerShell
[23.755s] DEBUG:colcon.colcon_core.shell:Skip shell extension 'dsv' for command environment
[23.982s] DEBUG:colcon.colcon_core.event_handler.log_command:Invoking command in '/home/sopitaj/week6_ws/build/robotnik_description': AMENT_PREFIX_PATH=/home/sopitaj/week6_ws/install/robotnik_sensors:${AMENT_PREFIX_PATH} CMAKE_PREFIX_PATH=/home/sopitaj/week6_ws/install/robotnik_sensors:/opt/ros/jazzy/opt/gz_sim_vendor:/opt/ros/jazzy/opt/gz_sensors_vendor:/opt/ros/jazzy/opt/gz_physics_vendor:/opt/ros/jazzy/opt/sdformat_vendor:/opt/ros/jazzy/opt/gz_gui_vendor:/opt/ros/jazzy/opt/gz_transport_vendor:/opt/ros/jazzy/opt/gz_rendering_vendor:/opt/ros/jazzy/opt/gz_plugin_vendor:/opt/ros/jazzy/opt/gz_fuel_tools_vendor:/opt/ros/jazzy/opt/gz_msgs_vendor:/opt/ros/jazzy/opt/gz_common_vendor:/opt/ros/jazzy/opt/gz_math_vendor:/opt/ros/jazzy/opt/gz_utils_vendor:/opt/ros/jazzy/opt/gz_tools_vendor:/opt/ros/jazzy/opt/gz_ogre_next_vendor:/opt/ros/jazzy/opt/gz_dartsim_vendor:/opt/ros/jazzy/opt/gz_cmake_vendor:/opt/ros/jazzy /usr/bin/cmake /home/sopitaj/week6_ws/src/robotnik_description -DAMENT_CMAKE_SYMLINK_INSTALL=1 -DCMAKE_INSTALL_PREFIX=/home/sopitaj/week6_ws/install/robotnik_description
[42.571s] DEBUG:colcon.colcon_core.event_handler.log_command:Invoked command in '/home/sopitaj/week6_ws/build/robotnik_description' returned '0': AMENT_PREFIX_PATH=/home/sopitaj/week6_ws/install/robotnik_sensors:${AMENT_PREFIX_PATH} CMAKE_PREFIX_PATH=/home/sopitaj/week6_ws/install/robotnik_sensors:/opt/ros/jazzy/opt/gz_sim_vendor:/opt/ros/jazzy/opt/gz_sensors_vendor:/opt/ros/jazzy/opt/gz_physics_vendor:/opt/ros/jazzy/opt/sdformat_vendor:/opt/ros/jazzy/opt/gz_gui_vendor:/opt/ros/jazzy/opt/gz_transport_vendor:/opt/ros/jazzy/opt/gz_rendering_vendor:/opt/ros/jazzy/opt/gz_plugin_vendor:/opt/ros/jazzy/opt/gz_fuel_tools_vendor:/opt/ros/jazzy/opt/gz_msgs_vendor:/opt/ros/jazzy/opt/gz_common_vendor:/opt/ros/jazzy/opt/gz_math_vendor:/opt/ros/jazzy/opt/gz_utils_vendor:/opt/ros/jazzy/opt/gz_tools_vendor:/opt/ros/jazzy/opt/gz_ogre_next_vendor:/opt/ros/jazzy/opt/gz_dartsim_vendor:/opt/ros/jazzy/opt/gz_cmake_vendor:/opt/ros/jazzy /usr/bin/cmake /home/sopitaj/week6_ws/src/robotnik_description -DAMENT_CMAKE_SYMLINK_INSTALL=1 -DCMAKE_INSTALL_PREFIX=/home/sopitaj/week6_ws/install/robotnik_description
[42.575s] DEBUG:colcon.colcon_core.event_handler.log_command:Invoking command in '/home/sopitaj/week6_ws/build/robotnik_description': AMENT_PREFIX_PATH=/home/sopitaj/week6_ws/install/robotnik_sensors:${AMENT_PREFIX_PATH} CMAKE_PREFIX_PATH=/home/sopitaj/week6_ws/install/robotnik_sensors:/opt/ros/jazzy/opt/gz_sim_vendor:/opt/ros/jazzy/opt/gz_sensors_vendor:/opt/ros/jazzy/opt/gz_physics_vendor:/opt/ros/jazzy/opt/sdformat_vendor:/opt/ros/jazzy/opt/gz_gui_vendor:/opt/ros/jazzy/opt/gz_transport_vendor:/opt/ros/jazzy/opt/gz_rendering_vendor:/opt/ros/jazzy/opt/gz_plugin_vendor:/opt/ros/jazzy/opt/gz_fuel_tools_vendor:/opt/ros/jazzy/opt/gz_msgs_vendor:/opt/ros/jazzy/opt/gz_common_vendor:/opt/ros/jazzy/opt/gz_math_vendor:/opt/ros/jazzy/opt/gz_utils_vendor:/opt/ros/jazzy/opt/gz_tools_vendor:/opt/ros/jazzy/opt/gz_ogre_next_vendor:/opt/ros/jazzy/opt/gz_dartsim_vendor:/opt/ros/jazzy/opt/gz_cmake_vendor:/opt/ros/jazzy /usr/bin/cmake --build /home/sopitaj/week6_ws/build/robotnik_description -- -j8 -l8
[42.976s] DEBUG:colcon.colcon_core.event_handler.log_command:Invoked command in '/home/sopitaj/week6_ws/build/robotnik_description' returned '0': AMENT_PREFIX_PATH=/home/sopitaj/week6_ws/install/robotnik_sensors:${AMENT_PREFIX_PATH} CMAKE_PREFIX_PATH=/home/sopitaj/week6_ws/install/robotnik_sensors:/opt/ros/jazzy/opt/gz_sim_vendor:/opt/ros/jazzy/opt/gz_sensors_vendor:/opt/ros/jazzy/opt/gz_physics_vendor:/opt/ros/jazzy/opt/sdformat_vendor:/opt/ros/jazzy/opt/gz_gui_vendor:/opt/ros/jazzy/opt/gz_transport_vendor:/opt/ros/jazzy/opt/gz_rendering_vendor:/opt/ros/jazzy/opt/gz_plugin_vendor:/opt/ros/jazzy/opt/gz_fuel_tools_vendor:/opt/ros/jazzy/opt/gz_msgs_vendor:/opt/ros/jazzy/opt/gz_common_vendor:/opt/ros/jazzy/opt/gz_math_vendor:/opt/ros/jazzy/opt/gz_utils_vendor:/opt/ros/jazzy/opt/gz_tools_vendor:/opt/ros/jazzy/opt/gz_ogre_next_vendor:/opt/ros/jazzy/opt/gz_dartsim_vendor:/opt/ros/jazzy/opt/gz_cmake_vendor:/opt/ros/jazzy /usr/bin/cmake --build /home/sopitaj/week6_ws/build/robotnik_description -- -j8 -l8
[42.982s] DEBUG:colcon.colcon_core.event_handler.log_command:Invoking command in '/home/sopitaj/week6_ws/build/robotnik_description': AMENT_PREFIX_PATH=/home/sopitaj/week6_ws/install/robotnik_sensors:${AMENT_PREFIX_PATH} CMAKE_PREFIX_PATH=/home/sopitaj/week6_ws/install/robotnik_sensors:/opt/ros/jazzy/opt/gz_sim_vendor:/opt/ros/jazzy/opt/gz_sensors_vendor:/opt/ros/jazzy/opt/gz_physics_vendor:/opt/ros/jazzy/opt/sdformat_vendor:/opt/ros/jazzy/opt/gz_gui_vendor:/opt/ros/jazzy/opt/gz_transport_vendor:/opt/ros/jazzy/opt/gz_rendering_vendor:/opt/ros/jazzy/opt/gz_plugin_vendor:/opt/ros/jazzy/opt/gz_fuel_tools_vendor:/opt/ros/jazzy/opt/gz_msgs_vendor:/opt/ros/jazzy/opt/gz_common_vendor:/opt/ros/jazzy/opt/gz_math_vendor:/opt/ros/jazzy/opt/gz_utils_vendor:/opt/ros/jazzy/opt/gz_tools_vendor:/opt/ros/jazzy/opt/gz_ogre_next_vendor:/opt/ros/jazzy/opt/gz_dartsim_vendor:/opt/ros/jazzy/opt/gz_cmake_vendor:/opt/ros/jazzy /usr/bin/cmake --install /home/sopitaj/week6_ws/build/robotnik_description
[54.235s] Level 1:colcon.colcon_core.environment:create_environment_scripts_only(robotnik_description)
[54.236s] Level 1:colcon.colcon_core.environment:checking '/home/sopitaj/week6_ws/install/robotnik_description' for CMake module files
[54.239s] DEBUG:colcon.colcon_core.event_handler.log_command:Invoked command in '/home/sopitaj/week6_ws/build/robotnik_description' returned '0': AMENT_PREFIX_PATH=/home/sopitaj/week6_ws/install/robotnik_sensors:${AMENT_PREFIX_PATH} CMAKE_PREFIX_PATH=/home/sopitaj/week6_ws/install/robotnik_sensors:/opt/ros/jazzy/opt/gz_sim_vendor:/opt/ros/jazzy/opt/gz_sensors_vendor:/opt/ros/jazzy/opt/gz_physics_vendor:/opt/ros/jazzy/opt/sdformat_vendor:/opt/ros/jazzy/opt/gz_gui_vendor:/opt/ros/jazzy/opt/gz_transport_vendor:/opt/ros/jazzy/opt/gz_rendering_vendor:/opt/ros/jazzy/opt/gz_plugin_vendor:/opt/ros/jazzy/opt/gz_fuel_tools_vendor:/opt/ros/jazzy/opt/gz_msgs_vendor:/opt/ros/jazzy/opt/gz_common_vendor:/opt/ros/jazzy/opt/gz_math_vendor:/opt/ros/jazzy/opt/gz_utils_vendor:/opt/ros/jazzy/opt/gz_tools_vendor:/opt/ros/jazzy/opt/gz_ogre_next_vendor:/opt/ros/jazzy/opt/gz_dartsim_vendor:/opt/ros/jazzy/opt/gz_cmake_vendor:/opt/ros/jazzy /usr/bin/cmake --install /home/sopitaj/week6_ws/build/robotnik_description
[54.241s] Level 1:colcon.colcon_core.environment:checking '/home/sopitaj/week6_ws/install/robotnik_description' for CMake config files
[54.282s] Level 1:colcon.colcon_core.shell:create_environment_hook('robotnik_description', 'cmake_prefix_path')
[54.287s] INFO:colcon.colcon_core.shell:Creating environment hook '/home/sopitaj/week6_ws/install/robotnik_description/share/robotnik_description/hook/cmake_prefix_path.ps1'
[54.295s] INFO:colcon.colcon_core.shell:Creating environment descriptor '/home/sopitaj/week6_ws/install/robotnik_description/share/robotnik_description/hook/cmake_prefix_path.dsv'
[54.299s] INFO:colcon.colcon_core.shell:Creating environment hook '/home/sopitaj/week6_ws/install/robotnik_description/share/robotnik_description/hook/cmake_prefix_path.sh'
[54.302s] Level 1:colcon.colcon_core.environment:checking '/home/sopitaj/week6_ws/install/robotnik_description/bin'
[54.303s] Level 1:colcon.colcon_core.environment:checking '/home/sopitaj/week6_ws/install/robotnik_description/lib/pkgconfig/robotnik_description.pc'
[54.304s] Level 1:colcon.colcon_core.environment:checking '/home/sopitaj/week6_ws/install/robotnik_description/lib/python3.12/site-packages'
[54.305s] Level 1:colcon.colcon_core.environment:checking '/home/sopitaj/week6_ws/install/robotnik_description/bin'
[54.306s] INFO:colcon.colcon_core.shell:Creating package script '/home/sopitaj/week6_ws/install/robotnik_description/share/robotnik_description/package.ps1'
[54.309s] INFO:colcon.colcon_core.shell:Creating package descriptor '/home/sopitaj/week6_ws/install/robotnik_description/share/robotnik_description/package.dsv'
[54.312s] INFO:colcon.colcon_core.shell:Creating package script '/home/sopitaj/week6_ws/install/robotnik_description/share/robotnik_description/package.sh'
[54.315s] INFO:colcon.colcon_core.shell:Creating package script '/home/sopitaj/week6_ws/install/robotnik_description/share/robotnik_description/package.bash'
[54.320s] INFO:colcon.colcon_core.shell:Creating package script '/home/sopitaj/week6_ws/install/robotnik_description/share/robotnik_description/package.zsh'
[54.326s] Level 1:colcon.colcon_core.environment:create_file_with_runtime_dependencies(/home/sopitaj/week6_ws/install/robotnik_description/share/colcon-core/packages/robotnik_description)
[54.332s] Level 1:colcon.colcon_core.environment:create_environment_scripts_only(robotnik_description)
[54.333s] Level 1:colcon.colcon_core.environment:checking '/home/sopitaj/week6_ws/install/robotnik_description' for CMake module files
[54.336s] Level 1:colcon.colcon_core.environment:checking '/home/sopitaj/week6_ws/install/robotnik_description' for CMake config files
[54.348s] Level 1:colcon.colcon_core.shell:create_environment_hook('robotnik_description', 'cmake_prefix_path')
[54.351s] INFO:colcon.colcon_core.shell:Creating environment hook '/home/sopitaj/week6_ws/install/robotnik_description/share/robotnik_description/hook/cmake_prefix_path.ps1'
[54.356s] INFO:colcon.colcon_core.shell:Creating environment descriptor '/home/sopitaj/week6_ws/install/robotnik_description/share/robotnik_description/hook/cmake_prefix_path.dsv'
[54.357s] INFO:colcon.colcon_core.shell:Creating environment hook '/home/sopitaj/week6_ws/install/robotnik_description/share/robotnik_description/hook/cmake_prefix_path.sh'
[54.360s] Level 1:colcon.colcon_core.environment:checking '/home/sopitaj/week6_ws/install/robotnik_description/bin'
[54.361s] Level 1:colcon.colcon_core.environment:checking '/home/sopitaj/week6_ws/install/robotnik_description/lib/pkgconfig/robotnik_description.pc'
[54.361s] Level 1:colcon.colcon_core.environment:checking '/home/sopitaj/week6_ws/install/robotnik_description/lib/python3.12/site-packages'
[54.362s] Level 1:colcon.colcon_core.environment:checking '/home/sopitaj/week6_ws/install/robotnik_description/bin'
[54.363s] INFO:colcon.colcon_core.shell:Creating package script '/home/sopitaj/week6_ws/install/robotnik_description/share/robotnik_description/package.ps1'
[54.365s] INFO:colcon.colcon_core.shell:Creating package descriptor '/home/sopitaj/week6_ws/install/robotnik_description/share/robotnik_description/package.dsv'
[54.367s] INFO:colcon.colcon_core.shell:Creating package script '/home/sopitaj/week6_ws/install/robotnik_description/share/robotnik_description/package.sh'
[54.370s] INFO:colcon.colcon_core.shell:Creating package script '/home/sopitaj/week6_ws/install/robotnik_description/share/robotnik_description/package.bash'
[54.373s] INFO:colcon.colcon_core.shell:Creating package script '/home/sopitaj/week6_ws/install/robotnik_description/share/robotnik_description/package.zsh'
[54.376s] Level 1:colcon.colcon_core.environment:create_file_with_runtime_dependencies(/home/sopitaj/week6_ws/install/robotnik_description/share/colcon-core/packages/robotnik_description)
[66.592s] DEBUG:colcon.colcon_core.event_handler.log_command:Invoked command in '/home/sopitaj/week6_ws/build/diff_robot' returned '0': CMAKE_PREFIX_PATH=${CMAKE_PREFIX_PATH}:/opt/ros/jazzy /usr/bin/cmake --build /home/sopitaj/week6_ws/build/diff_robot -- -j8 -l8
[66.599s] DEBUG:colcon.colcon_core.event_handler.log_command:Invoking command in '/home/sopitaj/week6_ws/build/diff_robot': CMAKE_PREFIX_PATH=${CMAKE_PREFIX_PATH}:/opt/ros/jazzy /usr/bin/cmake --install /home/sopitaj/week6_ws/build/diff_robot
[67.720s] Level 1:colcon.colcon_core.environment:create_environment_scripts_only(diff_robot)
[67.721s] Level 1:colcon.colcon_core.environment:checking '/home/sopitaj/week6_ws/install/diff_robot' for CMake module files
[67.722s] DEBUG:colcon.colcon_core.event_handler.log_command:Invoked command in '/home/sopitaj/week6_ws/build/diff_robot' returned '0': CMAKE_PREFIX_PATH=${CMAKE_PREFIX_PATH}:/opt/ros/jazzy /usr/bin/cmake --install /home/sopitaj/week6_ws/build/diff_robot
[67.725s] Level 1:colcon.colcon_core.environment:checking '/home/sopitaj/week6_ws/install/diff_robot' for CMake config files
[67.726s] Level 1:colcon.colcon_core.shell:create_environment_hook('diff_robot', 'cmake_prefix_path')
[67.727s] INFO:colcon.colcon_core.shell:Creating environment hook '/home/sopitaj/week6_ws/install/diff_robot/share/diff_robot/hook/cmake_prefix_path.ps1'
[67.729s] INFO:colcon.colcon_core.shell:Creating environment descriptor '/home/sopitaj/week6_ws/install/diff_robot/share/diff_robot/hook/cmake_prefix_path.dsv'
[67.731s] INFO:colcon.colcon_core.shell:Creating environment hook '/home/sopitaj/week6_ws/install/diff_robot/share/diff_robot/hook/cmake_prefix_path.sh'
[67.732s] Level 1:colcon.colcon_core.environment:checking '/home/sopitaj/week6_ws/install/diff_robot/lib'
[67.732s] Level 1:colcon.colcon_core.environment:checking '/home/sopitaj/week6_ws/install/diff_robot/bin'
[67.732s] Level 1:colcon.colcon_core.environment:checking '/home/sopitaj/week6_ws/install/diff_robot/lib/pkgconfig/diff_robot.pc'
[67.733s] Level 1:colcon.colcon_core.environment:checking '/home/sopitaj/week6_ws/install/diff_robot/lib/python3.12/site-packages'
[67.733s] Level 1:colcon.colcon_core.environment:checking '/home/sopitaj/week6_ws/install/diff_robot/bin'
[67.734s] INFO:colcon.colcon_core.shell:Creating package script '/home/sopitaj/week6_ws/install/diff_robot/share/diff_robot/package.ps1'
[67.735s] INFO:colcon.colcon_core.shell:Creating package descriptor '/home/sopitaj/week6_ws/install/diff_robot/share/diff_robot/package.dsv'
[67.738s] INFO:colcon.colcon_core.shell:Creating package script '/home/sopitaj/week6_ws/install/diff_robot/share/diff_robot/package.sh'
[67.739s] INFO:colcon.colcon_core.shell:Creating package script '/home/sopitaj/week6_ws/install/diff_robot/share/diff_robot/package.bash'
[67.740s] INFO:colcon.colcon_core.shell:Creating package script '/home/sopitaj/week6_ws/install/diff_robot/share/diff_robot/package.zsh'
[67.741s] Level 1:colcon.colcon_core.environment:create_file_with_runtime_dependencies(/home/sopitaj/week6_ws/install/diff_robot/share/colcon-core/packages/diff_robot)
[67.746s] Level 1:colcon.colcon_core.environment:create_environment_scripts_only(diff_robot)
[67.747s] Level 1:colcon.colcon_core.environment:checking '/home/sopitaj/week6_ws/install/diff_robot' for CMake module files
[67.749s] Level 1:colcon.colcon_core.environment:checking '/home/sopitaj/week6_ws/install/diff_robot' for CMake config files
[67.750s] Level 1:colcon.colcon_core.shell:create_environment_hook('diff_robot', 'cmake_prefix_path')
[67.751s] INFO:colcon.colcon_core.shell:Creating environment hook '/home/sopitaj/week6_ws/install/diff_robot/share/diff_robot/hook/cmake_prefix_path.ps1'
[67.752s] INFO:colcon.colcon_core.shell:Creating environment descriptor '/home/sopitaj/week6_ws/install/diff_robot/share/diff_robot/hook/cmake_prefix_path.dsv'
[67.754s] INFO:colcon.colcon_core.shell:Creating environment hook '/home/sopitaj/week6_ws/install/diff_robot/share/diff_robot/hook/cmake_prefix_path.sh'
[67.756s] Level 1:colcon.colcon_core.environment:checking '/home/sopitaj/week6_ws/install/diff_robot/lib'
[67.756s] Level 1:colcon.colcon_core.environment:checking '/home/sopitaj/week6_ws/install/diff_robot/bin'
[67.757s] Level 1:colcon.colcon_core.environment:checking '/home/sopitaj/week6_ws/install/diff_robot/lib/pkgconfig/diff_robot.pc'
[67.757s] Level 1:colcon.colcon_core.environment:checking '/home/sopitaj/week6_ws/install/diff_robot/lib/python3.12/site-packages'
[67.757s] Level 1:colcon.colcon_core.environment:checking '/home/sopitaj/week6_ws/install/diff_robot/bin'
[67.758s] INFO:colcon.colcon_core.shell:Creating package script '/home/sopitaj/week6_ws/install/diff_robot/share/diff_robot/package.ps1'
[67.759s] INFO:colcon.colcon_core.shell:Creating package descriptor '/home/sopitaj/week6_ws/install/diff_robot/share/diff_robot/package.dsv'
[67.762s] INFO:colcon.colcon_core.shell:Creating package script '/home/sopitaj/week6_ws/install/diff_robot/share/diff_robot/package.sh'
[67.763s] INFO:colcon.colcon_core.shell:Creating package script '/home/sopitaj/week6_ws/install/diff_robot/share/diff_robot/package.bash'
[67.765s] INFO:colcon.colcon_core.shell:Creating package script '/home/sopitaj/week6_ws/install/diff_robot/share/diff_robot/package.zsh'
[67.768s] Level 1:colcon.colcon_core.environment:create_file_with_runtime_dependencies(/home/sopitaj/week6_ws/install/diff_robot/share/colcon-core/packages/diff_robot)
[67.770s] DEBUG:colcon.colcon_parallel_executor.executor.parallel:closing loop
[67.770s] DEBUG:colcon.colcon_parallel_executor.executor.parallel:loop closed
[67.772s] DEBUG:colcon.colcon_parallel_executor.executor.parallel:run_until_complete finished with '0'
[67.773s] DEBUG:colcon.colcon_core.event_reactor:joining thread
[67.965s] INFO:colcon.colcon_core.plugin_system:Skipping extension 'colcon_notification.desktop_notification.notify_send': Could not find 'notify-send'
[67.966s] INFO:colcon.colcon_core.plugin_system:Skipping extension 'colcon_notification.desktop_notification.terminal_notifier': Not used on non-Darwin systems
[67.966s] INFO:colcon.colcon_core.plugin_system:Skipping extension 'colcon_notification.desktop_notification.win32': Not used on non-Windows systems
[67.966s] INFO:colcon.colcon_notification.desktop_notification:Sending desktop notification using 'notify2'
[67.988s] DEBUG:colcon.colcon_notification.desktop_notification.notify2:Failed to initialize notify2: org.freedesktop.DBus.Error.ServiceUnknown: The name org.freedesktop.Notifications was not provided by any .service files
[67.989s] DEBUG:colcon.colcon_core.event_reactor:joined thread
[67.989s] INFO:colcon.colcon_core.shell:Creating prefix script '/home/sopitaj/week6_ws/install/local_setup.ps1'
[67.996s] INFO:colcon.colcon_core.shell:Creating prefix util module '/home/sopitaj/week6_ws/install/_local_setup_util_ps1.py'
[68.001s] INFO:colcon.colcon_core.shell:Creating prefix chain script '/home/sopitaj/week6_ws/install/setup.ps1'
[68.010s] INFO:colcon.colcon_core.shell:Creating prefix script '/home/sopitaj/week6_ws/install/local_setup.sh'
[68.013s] INFO:colcon.colcon_core.shell:Creating prefix util module '/home/sopitaj/week6_ws/install/_local_setup_util_sh.py'
[68.015s] INFO:colcon.colcon_core.shell:Creating prefix chain script '/home/sopitaj/week6_ws/install/setup.sh'
[68.019s] INFO:colcon.colcon_core.shell:Creating prefix script '/home/sopitaj/week6_ws/install/local_setup.bash'
[68.021s] INFO:colcon.colcon_core.shell:Creating prefix chain script '/home/sopitaj/week6_ws/install/setup.bash'
[68.025s] INFO:colcon.colcon_core.shell:Creating prefix script '/home/sopitaj/week6_ws/install/local_setup.zsh'
[68.027s] INFO:colcon.colcon_core.shell:Creating prefix chain script '/home/sopitaj/week6_ws/install/setup.zsh'
